<?xml version="1.0" encoding="utf-8"?>
<TestRun id="0d33c327-e585-4cc0-bbb6-8338b56af5cd" name="runner@runnervmoqczp 2025-12-08 23:31:28" runUser="runner" xmlns="http://microsoft.com/schemas/VisualStudio/TeamTest/2010">
  <Times creation="2025-12-08T23:31:28.9512390+00:00" queuing="2025-12-08T23:31:28.9512390+00:00" start="2025-12-08T23:30:25.3300118+00:00" finish="2025-12-08T23:31:28.9512390+00:00" />
  <Results>
    <UnitTestResult executionId="90ddab7b-96bf-4e9f-bcb6-4e1211c78f40" testId="b26c248a-79d7-a508-a280-0c70af8905cd" testName="yaml.cycod-slash-title-commands.slash-title-commands::01.Test medium length title (150 chars)" computerName="runnervmoqczp" duration="00:00:17.8778102" startTime="2025-12-08T23:30:25.3530904" endTime="2025-12-08T23:30:43.2309006" testType="13cdc9d9-ddb5-4fa4-a97d-d965ccfc6d4b" outcome="Passed" testListId="8c84fa94-04c1-424b-9868-57a2d4851a1d" relativeResultsDirectory="15e2cdc0-5cc4-42fc-b260-d2ce42d9669e">
      <Output>
        <StdOut>
User: /title set &quot;This is a very long title that exceeds the typical display limit of eighty characters and should test how the system handles lengthy title text gracefully&quot;
Title updated to: &quot;This is a very long title that exceeds the typical display limit of eighty characters and should test how the system handles lengthy title text gracefully&quot; (locked from AI changes)


User: /title view
Title:     This is a very long title that exceeds the typical display limit of eighty characters and should test how the system handles lengthy title text gracefully
Previous:  
Status:    locked


User: exit
</StdOut>
        <ErrorInfo>
          <Message>EXIT CODE: 0</Message>
          <StackTrace>RUN: cycod --input "/title set \"This is a very long title that exceeds the typical display limit of eighty characters and should test how the system handles lengthy title text gracefully\"" --input "/title view" --input exit --auto-save-chat-history 1 --use-test</StackTrace>
        </ErrorInfo>
        <TextMessages>
          <Message>START TIME: 12/08/2025 23:30:25 STOP TIME: 12/08/2025 23:30:43 EXIT CODE: 0</Message>
        </TextMessages>
      </Output>
    </UnitTestResult>
    <UnitTestResult executionId="85d4d737-2483-4791-b120-5959c3194eaa" testId="a94f909b-3e30-5b28-58cb-732a5168a285" testName="yaml.cycod-slash-title-commands.slash-title-commands::01.Create test file copy for timer test" computerName="runnervmoqczp" duration="00:00:16.1670232" startTime="2025-12-08T23:30:27.0753036" endTime="2025-12-08T23:30:43.2423268" testType="13cdc9d9-ddb5-4fa4-a97d-d965ccfc6d4b" outcome="Passed" testListId="8c84fa94-04c1-424b-9868-57a2d4851a1d" relativeResultsDirectory="5188792f-87a6-4b4e-884f-ff9cd2075209">
      <Output>
        <ErrorInfo>
          <Message>EXIT CODE: 0</Message>
          <StackTrace>cp testfiles/unlocked-title-full-conversation.jsonl testfiles/timer-status-test.jsonl</StackTrace>
        </ErrorInfo>
        <TextMessages>
          <Message>START TIME: 12/08/2025 23:30:27 STOP TIME: 12/08/2025 23:30:43 EXIT CODE: 0</Message>
        </TextMessages>
      </Output>
    </UnitTestResult>
    <UnitTestResult executionId="7d2b18b5-1edd-457c-9992-cbb7b4002a2b" testId="18cfcaed-b4db-bd24-82db-6f60bc3801ef" testName="yaml.cycod-slash-title-commands.slash-title-commands::01.Create readonly file" computerName="runnervmoqczp" duration="00:00:17.8601898" startTime="2025-12-08T23:30:25.3823767" endTime="2025-12-08T23:30:43.2425665" testType="13cdc9d9-ddb5-4fa4-a97d-d965ccfc6d4b" outcome="Passed" testListId="8c84fa94-04c1-424b-9868-57a2d4851a1d" relativeResultsDirectory="f01b118f-37a4-4542-8671-f94fc6c88395">
      <Output>
        <ErrorInfo>
          <Message>EXIT CODE: 0</Message>
          <StackTrace>cp testfiles/unlocked-title-full-conversation.jsonl testfiles/readonly-lock-test.jsonl
chmod 444 testfiles/readonly-lock-test.jsonl
</StackTrace>
        </ErrorInfo>
        <TextMessages>
          <Message>START TIME: 12/08/2025 23:30:25 STOP TIME: 12/08/2025 23:30:43 EXIT CODE: 0</Message>
        </TextMessages>
      </Output>
    </UnitTestResult>
    <UnitTestResult executionId="44836640-a999-424a-afe6-60ba9c528ab8" testId="ca90e966-d3a1-1426-27dc-a3989ec51ec2" testName="yaml.default-log-file-tests.default-log-file-tests::01.Run cycod and verify log file" computerName="runnervmoqczp" duration="00:00:04.8398489" startTime="2025-12-08T23:30:38.4392990" endTime="2025-12-08T23:30:43.2791479" testType="13cdc9d9-ddb5-4fa4-a97d-d965ccfc6d4b" outcome="Passed" testListId="8c84fa94-04c1-424b-9868-57a2d4851a1d" relativeResultsDirectory="93b11ed4-d63d-42ad-9c89-fb8aee6bbe74">
      <Output>
        <StdOut>Version: 1.0.0-DEV-runner-20251208.2330
## log-cycod-1765236638522.log

```plaintext
[000001]: 43ms INFO: LoggingInitializer.cs:159 File logger initialized with file: log-cycod-1765236638522.log
[000001]: 43ms INFO: LoggingInitializer.cs:200 Memory logger configured to dump to exception-log-cycod-1765236638522.log only on abnormal exit.
[000001]: 43ms INFO: LoggingInitializer.cs:203 Logging system fully initialized.

```

</StdOut>
        <ErrorInfo>
          <Message>EXIT CODE: 0</Message>
          <StackTrace>cycod version --log
cycodmd log-cycod-*.log exception-log-*.log
</StackTrace>
        </ErrorInfo>
        <TextMessages>
          <Message>START TIME: 12/08/2025 23:30:38 STOP TIME: 12/08/2025 23:30:43 EXIT CODE: 0</Message>
        </TextMessages>
      </Output>
    </UnitTestResult>
    <UnitTestResult executionId="58a25345-7818-4686-9723-f080cbdf4620" testId="5b58dcf2-4171-e147-6cb8-71fb76080237" testName="yaml.log-template-variable-tests.log-template-variable-tests::01.Run cycod with uppercase {ProgramName} template and verify" computerName="runnervmoqczp" duration="00:00:13.3903097" startTime="2025-12-08T23:30:29.9316711" endTime="2025-12-08T23:30:43.3219808" testType="13cdc9d9-ddb5-4fa4-a97d-d965ccfc6d4b" outcome="Passed" testListId="8c84fa94-04c1-424b-9868-57a2d4851a1d" relativeResultsDirectory="efd7e0c6-9bd5-42ac-8f86-8de0af42f821">
      <Output>
        <StdOut>Version: 1.0.0-DEV-runner-20251208.2330
## test-cycod-log.log

```plaintext
[000001]: 41ms INFO: LoggingInitializer.cs:159 File logger initialized with file: test-cycod-log.log
[000001]: 41ms INFO: LoggingInitializer.cs:200 Memory logger configured to dump to exception-test-cycod-log.log only on abnormal exit.
[000001]: 41ms INFO: LoggingInitializer.cs:203 Logging system fully initialized.

```

</StdOut>
        <ErrorInfo>
          <Message>EXIT CODE: 0</Message>
          <StackTrace>cycod version --log "test-{ProgramName}-log.log"
cycodmd test-cycod-log.log exception-test-cycod-log.log
</StackTrace>
        </ErrorInfo>
        <TextMessages>
          <Message>START TIME: 12/08/2025 23:30:29 STOP TIME: 12/08/2025 23:30:43 EXIT CODE: 0</Message>
        </TextMessages>
      </Output>
    </UnitTestResult>
    <UnitTestResult executionId="da17e519-8160-439b-a988-2539b916a24a" testId="84967a22-64e6-6d46-98d8-889720a87bc0" testName="yaml.log-level-configuration-tests.log-level-configuration-tests::01.Run cycod with LOG_LEVEL=All and capture logs" computerName="runnervmoqczp" duration="00:00:14.7156527" startTime="2025-12-08T23:30:28.6282677" endTime="2025-12-08T23:30:43.3439204" testType="13cdc9d9-ddb5-4fa4-a97d-d965ccfc6d4b" outcome="Passed" testListId="8c84fa94-04c1-424b-9868-57a2d4851a1d" relativeResultsDirectory="1c9521d7-9847-4ee7-ae12-f5177ae3c7ff">
      <Output>
        <StdOut>Version: 1.0.0-DEV-runner-20251208.2330
## test-all-level.log

```plaintext
[000001]: 47ms INFO: LoggingInitializer.cs:159 File logger initialized with file: test-all-level.log
[000001]: 47ms INFO: LoggingInitializer.cs:200 Memory logger configured to dump to exception-test-all-level.log only on abnormal exit.
[000001]: 47ms INFO: LoggingInitializer.cs:203 Logging system fully initialized.

```

</StdOut>
        <ErrorInfo>
          <Message>EXIT CODE: 0</Message>
          <StackTrace># Run commands to generate various log levels
cycod version --log test-all-level.log 2&gt;&amp;1 || true
cycodmd test-all-level.log
</StackTrace>
        </ErrorInfo>
        <TextMessages>
          <Message>START TIME: 12/08/2025 23:30:28 STOP TIME: 12/08/2025 23:30:43 EXIT CODE: 0</Message>
        </TextMessages>
      </Output>
    </UnitTestResult>
    <UnitTestResult executionId="d42032e1-8e5d-4270-b52e-c4ed09310d2c" testId="b143e889-1f8b-7a61-0692-0c803eaa2d13" testName="yaml.log-directory-creation-tests.log-directory-creation-tests::01.Test with very deep directory structure" computerName="runnervmoqczp" duration="00:00:09.1706131" startTime="2025-12-08T23:30:34.1843585" endTime="2025-12-08T23:30:43.3549716" testType="13cdc9d9-ddb5-4fa4-a97d-d965ccfc6d4b" outcome="Passed" testListId="8c84fa94-04c1-424b-9868-57a2d4851a1d" relativeResultsDirectory="49f4036f-88c4-4b08-a7da-31857c91d32b">
      <Output>
        <StdOut>Version: 1.0.0-DEV-runner-20251208.2330
total 12
drwxr-xr-x 2 runner runner 4096 Dec  8 23:30 .
drwxr-xr-x 3 runner runner 4096 Dec  8 23:30 ..
-rw-r--r-- 1 runner runner  394 Dec  8 23:30 deep.log
## deep-test/level1/level2/level3/level4/level5/deep.log

```plaintext
[000001]: 41ms INFO: LoggingInitializer.cs:159 File logger initialized with file: ./deep-test/level1/level2/level3/level4/level5/deep.log
[000001]: 41ms INFO: LoggingInitializer.cs:200 Memory logger configured to dump to ./deep-test/level1/level2/level3/level4/level5/exception-deep.log only on abnormal exit.
[000001]: 41ms INFO: LoggingInitializer.cs:203 Logging system fully initialized.

```

</StdOut>
        <ErrorInfo>
          <Message>EXIT CODE: 0</Message>
          <StackTrace># Remove test directory
rm -rf ./deep-test
# Create a very deep nested path for log file
cycod version --log ./deep-test/level1/level2/level3/level4/level5/deep.log
# Verify the deep directory structure was created
ls -la ./deep-test/level1/level2/level3/level4/level5/
cycodmd ./deep-test/level1/level2/level3/level4/level5/deep.log
</StackTrace>
        </ErrorInfo>
        <TextMessages>
          <Message>START TIME: 12/08/2025 23:30:34 STOP TIME: 12/08/2025 23:30:43 EXIT CODE: 0</Message>
        </TextMessages>
      </Output>
    </UnitTestResult>
    <UnitTestResult executionId="df6c7251-b14c-42a4-99ad-f68ed66a190d" testId="a1459755-57e1-475e-3bb7-c7771bf69b26" testName="yaml.log-template-variable-tests.log-template-variable-tests::01.Run cycodt with uppercase {TimeStamp} template and verify" computerName="runnervmoqczp" duration="00:00:03.6677932" startTime="2025-12-08T23:30:39.6907557" endTime="2025-12-08T23:30:43.3585489" testType="13cdc9d9-ddb5-4fa4-a97d-d965ccfc6d4b" outcome="Passed" testListId="8c84fa94-04c1-424b-9868-57a2d4851a1d" relativeResultsDirectory="ed94b397-786c-4e8e-a1f6-a7f4ad8f5ddd">
      <Output>
        <StdOut>Version: 1.0.0-ci-20251208.1
## test-20251208233039-log.log

```plaintext
[000001]: 39ms INFO: LoggingInitializer.cs:159 File logger initialized with file: test-20251208233039-log.log
[000001]: 40ms INFO: LoggingInitializer.cs:200 Memory logger configured to dump to exception-test-20251208233039-log.log only on abnormal exit.
[000001]: 40ms INFO: LoggingInitializer.cs:203 Logging system fully initialized.

```

</StdOut>
        <ErrorInfo>
          <Message>EXIT CODE: 0</Message>
          <StackTrace>cycodt version --log "test-{TimeStamp}-log.log"
cycodmd test-*-log.log exception-test-*-log.log
</StackTrace>
        </ErrorInfo>
        <TextMessages>
          <Message>START TIME: 12/08/2025 23:30:39 STOP TIME: 12/08/2025 23:30:43 EXIT CODE: 0</Message>
        </TextMessages>
      </Output>
    </UnitTestResult>
    <UnitTestResult executionId="c21db390-655c-4d04-b124-73155147bcf1" testId="caa38b8a-9926-55b5-4ee9-c92d5de79977" testName="yaml.log-template-variable-tests.log-template-variable-tests::01.Run cycodt with multiple template variables and verify" computerName="runnervmoqczp" duration="00:00:03.2062835" startTime="2025-12-08T23:30:40.1913135" endTime="2025-12-08T23:30:43.3975970" testType="13cdc9d9-ddb5-4fa4-a97d-d965ccfc6d4b" outcome="Passed" testListId="8c84fa94-04c1-424b-9868-57a2d4851a1d" relativeResultsDirectory="11376025-cbba-4dfb-a56b-8472e7fe1705">
      <Output>
        <StdOut>Version: 1.0.0-ci-20251208.1
## test-cycodt-1765236640262-combined.log

```plaintext
[000001]: 40ms INFO: LoggingInitializer.cs:159 File logger initialized with file: test-cycodt-1765236640262-combined.log
[000001]: 40ms INFO: LoggingInitializer.cs:200 Memory logger configured to dump to exception-test-cycodt-1765236640262-combined.log only on abnormal exit.
[000001]: 40ms INFO: LoggingInitializer.cs:203 Logging system fully initialized.

```

</StdOut>
        <ErrorInfo>
          <Message>EXIT CODE: 0</Message>
          <StackTrace>cycodt version --log "test-{ProgramName}-{time}-combined.log"
cycodmd test-cycodt-*-combined.log exception-test-cycodt-*-combined.log
</StackTrace>
        </ErrorInfo>
        <TextMessages>
          <Message>START TIME: 12/08/2025 23:30:40 STOP TIME: 12/08/2025 23:30:43 EXIT CODE: 0</Message>
        </TextMessages>
      </Output>
    </UnitTestResult>
    <UnitTestResult executionId="533ed3a4-e9fc-4062-b274-1c6544c68834" testId="4b66872e-d1c4-ac0f-b998-0beafa286eac" testName="yaml.log-level-configuration-tests.log-level-configuration-tests::01.Run cycod with LOG_LEVEL=Info and capture logs" computerName="runnervmoqczp" duration="00:00:14.9896832" startTime="2025-12-08T23:30:28.4279685" endTime="2025-12-08T23:30:43.4176517" testType="13cdc9d9-ddb5-4fa4-a97d-d965ccfc6d4b" outcome="Passed" testListId="8c84fa94-04c1-424b-9868-57a2d4851a1d" relativeResultsDirectory="99ccc086-94cc-4677-ab96-6056bfc95f5b">
      <Output>
        <StdOut>Version: 1.0.0-DEV-runner-20251208.2330
## test-info-level.log

```plaintext
[000001]: 44ms INFO: LoggingInitializer.cs:159 File logger initialized with file: test-info-level.log
[000001]: 45ms INFO: LoggingInitializer.cs:200 Memory logger configured to dump to exception-test-info-level.log only on abnormal exit.
[000001]: 45ms INFO: LoggingInitializer.cs:203 Logging system fully initialized.

```

</StdOut>
        <ErrorInfo>
          <Message>EXIT CODE: 0</Message>
          <StackTrace># Run a command that generates info-level messages during normal operation
cycod version --log test-info-level.log 2&gt;&amp;1 || true
cycodmd test-info-level.log
</StackTrace>
        </ErrorInfo>
        <TextMessages>
          <Message>START TIME: 12/08/2025 23:30:28 STOP TIME: 12/08/2025 23:30:43 EXIT CODE: 0</Message>
        </TextMessages>
      </Output>
    </UnitTestResult>
    <UnitTestResult executionId="44fdef07-4aeb-46e8-820e-6e5e2d4679e0" testId="026115eb-a72d-a298-b638-58a10b2d7584" testName="yaml.cycod-slash-title-commands.slash-title-commands::01.Create test file with no title" computerName="runnervmoqczp" duration="00:00:17.8748274" startTime="2025-12-08T23:30:25.5522083" endTime="2025-12-08T23:30:43.4270357" testType="13cdc9d9-ddb5-4fa4-a97d-d965ccfc6d4b" outcome="Passed" testListId="8c84fa94-04c1-424b-9868-57a2d4851a1d" relativeResultsDirectory="9f954e5a-b6d5-4c93-b492-a265e419bc06">
      <Output>
        <ErrorInfo>
          <Message>EXIT CODE: 0</Message>
          <StackTrace>cp testfiles/default-metadata-full-conversation.jsonl testfiles/lock-then-set-test.jsonl</StackTrace>
        </ErrorInfo>
        <TextMessages>
          <Message>START TIME: 12/08/2025 23:30:25 STOP TIME: 12/08/2025 23:30:43 EXIT CODE: 0</Message>
        </TextMessages>
      </Output>
    </UnitTestResult>
    <UnitTestResult executionId="3d44a283-ed5a-42a9-9f23-876971753da9" testId="370f3487-cd09-a8ce-5c31-00a0b1695146" testName="yaml.cycod-slash-title-commands.slash-title-commands::01.Test unclosed quotes" computerName="runnervmoqczp" duration="00:00:17.7206365" startTime="2025-12-08T23:30:25.7114492" endTime="2025-12-08T23:30:43.4320857" testType="13cdc9d9-ddb5-4fa4-a97d-d965ccfc6d4b" outcome="Passed" testListId="8c84fa94-04c1-424b-9868-57a2d4851a1d" relativeResultsDirectory="15e5f0e0-fa62-49d9-80ad-bbd594b6fe3e">
      <Output>
        <StdOut>
User: /title set &quot;unclosed quote
Error: Titles must be enclosed in double quotes. Usage: /title set &quot;&lt;title&gt;&quot;


User: exit
</StdOut>
        <ErrorInfo>
          <Message>EXIT CODE: 0</Message>
          <StackTrace>RUN: cycod --input "/title set \"unclosed quote" --input exit --auto-save-chat-history 1 --use-test</StackTrace>
        </ErrorInfo>
        <TextMessages>
          <Message>START TIME: 12/08/2025 23:30:25 STOP TIME: 12/08/2025 23:30:43 EXIT CODE: 0</Message>
        </TextMessages>
      </Output>
    </UnitTestResult>
    <UnitTestResult executionId="c3f05847-1edf-442b-a64e-2217db49b499" testId="febd13cf-00b4-4deb-9390-50e87213c16f" testName="yaml.cycod-slash-title-commands.slash-title-commands::01.Test view command ignores extra arguments" computerName="runnervmoqczp" duration="00:00:17.7748004" startTime="2025-12-08T23:30:25.6584298" endTime="2025-12-08T23:30:43.4332302" testType="13cdc9d9-ddb5-4fa4-a97d-d965ccfc6d4b" outcome="Passed" testListId="8c84fa94-04c1-424b-9868-57a2d4851a1d" relativeResultsDirectory="05154cb8-f969-4243-afa8-0f4659cc5012">
      <Output>
        <StdOut>
User: /title view extra arguments ignored
Title:     [null]
Previous:  [null]
Status:    unlocked


User: exit
</StdOut>
        <ErrorInfo>
          <Message>EXIT CODE: 0</Message>
          <StackTrace>RUN: cycod --input-chat-history testfiles/default-metadata-full-conversation.jsonl --input "/title view extra arguments ignored" --input exit --auto-save-chat-history 0 --use-test</StackTrace>
        </ErrorInfo>
        <TextMessages>
          <Message>START TIME: 12/08/2025 23:30:25 STOP TIME: 12/08/2025 23:30:43 EXIT CODE: 0</Message>
        </TextMessages>
      </Output>
    </UnitTestResult>
    <UnitTestResult executionId="dddecc0b-2262-456b-a506-814a98fcad37" testId="eafe2676-4841-97ac-6c67-c65801da47c1" testName="yaml.cycod-slash-title-commands.slash-title-commands::01.Create test file copy for custom delay test" computerName="runnervmoqczp" duration="00:00:16.7528283" startTime="2025-12-08T23:30:26.6741935" endTime="2025-12-08T23:30:43.4270218" testType="13cdc9d9-ddb5-4fa4-a97d-d965ccfc6d4b" outcome="Passed" testListId="8c84fa94-04c1-424b-9868-57a2d4851a1d" relativeResultsDirectory="ea6558f2-e0e8-43ae-a91c-c27816810b90">
      <Output>
        <ErrorInfo>
          <Message>EXIT CODE: 0</Message>
          <StackTrace>cp testfiles/unlocked-title-full-conversation.jsonl testfiles/custom-delay-test.jsonl</StackTrace>
        </ErrorInfo>
        <TextMessages>
          <Message>START TIME: 12/08/2025 23:30:26 STOP TIME: 12/08/2025 23:30:43 EXIT CODE: 0</Message>
        </TextMessages>
      </Output>
    </UnitTestResult>
    <UnitTestResult executionId="487a71b9-4ad7-4357-970e-0bcfadfce5ac" testId="d63e94d8-a771-c4cf-db1a-ec571a3d8356" testName="yaml.log-environment-variables-tests.log-environment-variables-tests::01.Test LOG_LEVEL=Warning" computerName="runnervmoqczp" duration="00:00:15.9145310" startTime="2025-12-08T23:30:27.5266088" endTime="2025-12-08T23:30:43.4411398" testType="13cdc9d9-ddb5-4fa4-a97d-d965ccfc6d4b" outcome="Passed" testListId="8c84fa94-04c1-424b-9868-57a2d4851a1d" relativeResultsDirectory="c468360a-d8cd-4725-a142-71b9b289f927">
      <Output>
        <StdOut>Version: 1.0.0-DEV-runner-20251208.2330
## test-env-warning.log

```plaintext

```

</StdOut>
        <ErrorInfo>
          <Message>EXIT CODE: 0</Message>
          <StackTrace>cycod version --log test-env-warning.log 2&gt;&amp;1 || true
cycodmd test-env-warning.log
</StackTrace>
        </ErrorInfo>
        <TextMessages>
          <Message>START TIME: 12/08/2025 23:30:27 STOP TIME: 12/08/2025 23:30:43 EXIT CODE: 0</Message>
        </TextMessages>
      </Output>
    </UnitTestResult>
    <UnitTestResult executionId="6ce4ca98-6057-4b79-81ac-833aa831766e" testId="b636db78-7e0c-132f-d2e2-71ee65864e0e" testName="yaml.log-template-variable-tests.log-template-variable-tests::01.Run cycodt with uppercase {ProgramName} template and verify" computerName="runnervmoqczp" duration="00:00:04.7732433" startTime="2025-12-08T23:30:38.6895996" endTime="2025-12-08T23:30:43.4628429" testType="13cdc9d9-ddb5-4fa4-a97d-d965ccfc6d4b" outcome="Passed" testListId="8c84fa94-04c1-424b-9868-57a2d4851a1d" relativeResultsDirectory="91369a77-6b2f-4b95-bb3e-346f7901e815">
      <Output>
        <StdOut>Version: 1.0.0-ci-20251208.1
## test-cycodt-log.log

```plaintext
[000001]: 40ms INFO: LoggingInitializer.cs:159 File logger initialized with file: test-cycodt-log.log
[000001]: 41ms INFO: LoggingInitializer.cs:200 Memory logger configured to dump to exception-test-cycodt-log.log only on abnormal exit.
[000001]: 41ms INFO: LoggingInitializer.cs:203 Logging system fully initialized.

```

</StdOut>
        <ErrorInfo>
          <Message>EXIT CODE: 0</Message>
          <StackTrace>cycodt version --log "test-{ProgramName}-log.log"
cycodmd test-cycodt-log.log exception-test-cycodt-log.log
</StackTrace>
        </ErrorInfo>
        <TextMessages>
          <Message>START TIME: 12/08/2025 23:30:38 STOP TIME: 12/08/2025 23:30:43 EXIT CODE: 0</Message>
        </TextMessages>
      </Output>
    </UnitTestResult>
    <UnitTestResult executionId="fa337e93-4746-4543-a4ff-918083228e7a" testId="38e80258-e369-6241-50cd-94b4846d67aa" testName="yaml.log-environment-variables-tests.log-environment-variables-tests::01.Run without LOG_LEVEL set and verify default behavior" computerName="runnervmoqczp" duration="00:00:15.6669428" startTime="2025-12-08T23:30:27.8771231" endTime="2025-12-08T23:30:43.5440659" testType="13cdc9d9-ddb5-4fa4-a97d-d965ccfc6d4b" outcome="Passed" testListId="8c84fa94-04c1-424b-9868-57a2d4851a1d" relativeResultsDirectory="a90fe299-fca8-49df-b18c-6b096e6e6ef3">
      <Output>
        <StdOut>Version: 1.0.0-DEV-runner-20251208.2330
## test-env-default.log

```plaintext
[000001]: 42ms INFO: LoggingInitializer.cs:159 File logger initialized with file: test-env-default.log
[000001]: 43ms INFO: LoggingInitializer.cs:200 Memory logger configured to dump to exception-test-env-default.log only on abnormal exit.
[000001]: 43ms INFO: LoggingInitializer.cs:203 Logging system fully initialized.

```

</StdOut>
        <ErrorInfo>
          <Message>EXIT CODE: 0</Message>
          <StackTrace># Ensure LOG_LEVEL is not set for this test
unset LOG_LEVEL
cycod version --log test-env-default.log 2&gt;&amp;1 || true
cycodmd test-env-default.log
</StackTrace>
        </ErrorInfo>
        <TextMessages>
          <Message>START TIME: 12/08/2025 23:30:27 STOP TIME: 12/08/2025 23:30:43 EXIT CODE: 0</Message>
        </TextMessages>
      </Output>
    </UnitTestResult>
    <UnitTestResult executionId="2b8eb769-36ea-4036-bfe1-ac062bea595a" testId="8712a6be-89e0-049f-a3d2-0e27787c7b24" testName="yaml.log-path-handling-tests.log-path-handling-tests::01.Create temp directory and test with absolute log path" computerName="runnervmoqczp" duration="00:00:11.6192540" startTime="2025-12-08T23:30:31.9341519" endTime="2025-12-08T23:30:43.5534059" testType="13cdc9d9-ddb5-4fa4-a97d-d965ccfc6d4b" outcome="Passed" testListId="8c84fa94-04c1-424b-9868-57a2d4851a1d" relativeResultsDirectory="4d34d7bf-78cc-44b5-b90b-cdff47322740">
      <Output>
        <StdOut>Version: 1.0.0-DEV-runner-20251208.2330
## ../../../../../../../../../tmp/cycod-log-test-absolute/absolute-test.log

```plaintext
[000001]: 41ms INFO: LoggingInitializer.cs:159 File logger initialized with file: /tmp/cycod-log-test-absolute/absolute-test.log
[000001]: 41ms INFO: LoggingInitializer.cs:200 Memory logger configured to dump to /tmp/cycod-log-test-absolute/exception-absolute-test.log only on abnormal exit.
[000001]: 41ms INFO: LoggingInitializer.cs:203 Logging system fully initialized.

```

</StdOut>
        <ErrorInfo>
          <Message>EXIT CODE: 0</Message>
          <StackTrace># Create a temp directory for testing absolute paths
mkdir -p /tmp/cycod-log-test-absolute 2&gt;/dev/null || mkdir cycod-log-test-absolute

# Get the absolute path (handle both Unix and Windows)
if [ -d "/tmp" ]; then
  ABSOLUTE_LOG_PATH="/tmp/cycod-log-test-absolute/absolute-test.log"
else
  ABSOLUTE_LOG_PATH="$(pwd)/cycod-log-test-absolute/absolute-test.log"
fi

# Run cycod with absolute path
cycod version --log "$ABSOLUTE_LOG_PATH"

# Verify the log file exists and has content
cycodmd "$ABSOLUTE_LOG_PATH"
</StackTrace>
        </ErrorInfo>
        <TextMessages>
          <Message>START TIME: 12/08/2025 23:30:31 STOP TIME: 12/08/2025 23:30:43 EXIT CODE: 0</Message>
        </TextMessages>
      </Output>
    </UnitTestResult>
    <UnitTestResult executionId="0d0c0d65-2269-4d86-bfc1-cb74773094c6" testId="9f83f437-e665-2555-59a6-5780db087aa9" testName="yaml.log-file-tests.log-file-tests::01.Run cycod with custom log file and verify" computerName="runnervmoqczp" duration="00:00:11.8977495" startTime="2025-12-08T23:30:31.6837128" endTime="2025-12-08T23:30:43.5814623" testType="13cdc9d9-ddb5-4fa4-a97d-d965ccfc6d4b" outcome="Passed" testListId="8c84fa94-04c1-424b-9868-57a2d4851a1d" relativeResultsDirectory="e48b8a59-a6d7-4e37-88f8-c3ef1afb3036">
      <Output>
        <StdOut>Version: 1.0.0-DEV-runner-20251208.2330
## cycod-test-custom.log

```plaintext
[000001]: 41ms INFO: LoggingInitializer.cs:159 File logger initialized with file: cycod-test-custom.log
[000001]: 41ms INFO: LoggingInitializer.cs:200 Memory logger configured to dump to exception-cycod-test-custom.log only on abnormal exit.
[000001]: 41ms INFO: LoggingInitializer.cs:203 Logging system fully initialized.

```

</StdOut>
        <ErrorInfo>
          <Message>EXIT CODE: 0</Message>
          <StackTrace>cycod version --log cycod-test-custom.log
cycodmd cycod-test-custom.log exception-log-*.log
</StackTrace>
        </ErrorInfo>
        <TextMessages>
          <Message>START TIME: 12/08/2025 23:30:31 STOP TIME: 12/08/2025 23:30:43 EXIT CODE: 0</Message>
        </TextMessages>
      </Output>
    </UnitTestResult>
    <UnitTestResult executionId="c671b142-225d-4f12-b26c-eed14bef95bc" testId="e38bc195-f51f-a13e-1bac-d0dbed9dd5a1" testName="yaml.log-template-variable-tests.log-template-variable-tests::01.Run cycodt with lowercase {timestamp} template and verify" computerName="runnervmoqczp" duration="00:00:03.6428104" startTime="2025-12-08T23:30:39.9410314" endTime="2025-12-08T23:30:43.5838418" testType="13cdc9d9-ddb5-4fa4-a97d-d965ccfc6d4b" outcome="Passed" testListId="8c84fa94-04c1-424b-9868-57a2d4851a1d" relativeResultsDirectory="2b7d7155-8931-4513-b7f4-9c9cbf077779">
      <Output>
        <StdOut>Version: 1.0.0-ci-20251208.1
## test-20251208233040-log.log

```plaintext
[000001]: 42ms INFO: LoggingInitializer.cs:159 File logger initialized with file: test-20251208233040-log.log
[000001]: 42ms INFO: LoggingInitializer.cs:200 Memory logger configured to dump to exception-test-20251208233040-log.log only on abnormal exit.
[000001]: 42ms INFO: LoggingInitializer.cs:203 Logging system fully initialized.

```

</StdOut>
        <ErrorInfo>
          <Message>EXIT CODE: 0</Message>
          <StackTrace>cycodt version --log "test-{timestamp}-log.log"
cycodmd test-*-log.log exception-test-*-log.log
</StackTrace>
        </ErrorInfo>
        <TextMessages>
          <Message>START TIME: 12/08/2025 23:30:39 STOP TIME: 12/08/2025 23:30:43 EXIT CODE: 0</Message>
        </TextMessages>
      </Output>
    </UnitTestResult>
    <UnitTestResult executionId="84515f92-cfcf-44ef-a3e9-d06d5cdcb267" testId="90bc2dba-d741-f9f0-4cbd-942ba6701bbc" testName="yaml.log-level-configuration-tests.log-level-configuration-tests::01.Run cycod with LOG_LEVEL=Warning and capture logs" computerName="runnervmoqczp" duration="00:00:15.8500144" startTime="2025-12-08T23:30:28.2277129" endTime="2025-12-08T23:30:44.0777273" testType="13cdc9d9-ddb5-4fa4-a97d-d965ccfc6d4b" outcome="Passed" testListId="8c84fa94-04c1-424b-9868-57a2d4851a1d" relativeResultsDirectory="4dd18969-8323-465a-b648-1ba7b8e9bee5">
      <Output>
        <StdOut>Version: 1.0.0-DEV-runner-20251208.2330
Error: No valid environment variables found.

To use Anthropic, please set:
- ANTHROPIC_API_KEY
- ANTHROPIC_MODEL_NAME (optional)

To use AWS Bedrock, please set:
- AWS_BEDROCK_ACCESS_KEY
- AWS_BEDROCK_SECRET_KEY
- AWS_BEDROCK_REGION (optional, default: us-east-1)
- AWS_BEDROCK_MODEL_ID (optional, default: anthropic.claude-3-7-sonnet-20250219-v1:0)

To use Azure OpenAI, please set:
- AZURE_OPENAI_API_KEY
- AZURE_OPENAI_ENDPOINT
- AZURE_OPENAI_CHAT_DEPLOYMENT

To use GitHub Copilot with token authentication, please set:
- GITHUB_TOKEN
- COPILOT_API_ENDPOINT (optional)
- COPILOT_INTEGRATION_ID (optional)
- COPILOT_EDITOR_VERSION (optional)
- COPILOT_MODEL_NAME (optional)

To use Google Gemini, please set:
- GOOGLE_GEMINI_API_KEY
- GOOGLE_GEMINI_MODEL_ID (optional, default: gemini-2.5-flash-preview-04-17)

To use Grok, please set:
- GROK_API_KEY
- GROK_ENDPOINT (optional, default: https://api.x.ai/v1)
- GROK_MODEL_NAME (optional, default: grok-3)

To use OpenAI, please set:
- OPENAI_API_KEY
- OPENAI_ENDPOINT (optional)
- OPENAI_CHAT_MODEL_NAME (optional)

To use Test provider for development/testing, please set:
- TEST_DEFAULT_RESPONSE (optional)
- TEST_TITLE_RESPONSE (optional)
## test-warning-level.log

```plaintext

```

</StdOut>
        <ErrorInfo>
          <Message>EXIT CODE: 0</Message>
          <StackTrace># Run commands that generate various log levels
cycod version --log test-warning-level.log 2&gt;&amp;1 || true
# This should generate a warning about displaying help
cycod --log test-warning-level.log 2&gt;&amp;1 || true
cycodmd test-warning-level.log
</StackTrace>
        </ErrorInfo>
        <TextMessages>
          <Message>START TIME: 12/08/2025 23:30:28 STOP TIME: 12/08/2025 23:30:43 EXIT CODE: 0</Message>
        </TextMessages>
      </Output>
    </UnitTestResult>
    <UnitTestResult executionId="9fe8d966-5c64-454a-8ed8-d5e4f65292a5" testId="6267d728-158f-de24-c27f-22fa59c56d04" testName="yaml.log-level-configuration-tests.log-level-configuration-tests::01.Run cycod with LOG_LEVEL=None and capture logs" computerName="runnervmoqczp" duration="00:00:15.3016621" startTime="2025-12-08T23:30:28.8286096" endTime="2025-12-08T23:30:44.1302717" testType="13cdc9d9-ddb5-4fa4-a97d-d965ccfc6d4b" outcome="Passed" testListId="8c84fa94-04c1-424b-9868-57a2d4851a1d" relativeResultsDirectory="395e4850-34dc-47d4-bad1-3d60885dbe07">
      <Output>
        <StdOut>Version: 1.0.0-DEV-runner-20251208.2330
## test-none-level.log

```plaintext

```

</StdOut>
        <ErrorInfo>
          <Message>EXIT CODE: 0</Message>
          <StackTrace># Run a command that would normally generate log messages
cycod version --log test-none-level.log 2&gt;&amp;1 || true
cycodmd test-none-level.log
</StackTrace>
        </ErrorInfo>
        <TextMessages>
          <Message>START TIME: 12/08/2025 23:30:28 STOP TIME: 12/08/2025 23:30:44 EXIT CODE: 0</Message>
        </TextMessages>
      </Output>
    </UnitTestResult>
    <UnitTestResult executionId="2f3dee7c-9a6a-497f-9046-2128110630e7" testId="c89610fd-4bfa-6ed8-49e2-b853773f85dd" testName="yaml.multiple-log-instances-tests.multiple-log-instances-tests::01.Run two cycod instances sequentially and verify separate log files" computerName="runnervmoqczp" duration="00:00:08.8051461" startTime="2025-12-08T23:30:35.4350581" endTime="2025-12-08T23:30:44.2402042" testType="13cdc9d9-ddb5-4fa4-a97d-d965ccfc6d4b" outcome="Passed" testListId="8c84fa94-04c1-424b-9868-57a2d4851a1d" relativeResultsDirectory="bdf84e4f-a504-4969-93c6-aad6c543bb3b">
      <Output>
        <StdOut>Version: 1.0.0-DEV-runner-20251208.2330
Version: 1.0.0-DEV-runner-20251208.2330
## multi-test-1.log

```plaintext
[000001]: 42ms INFO: LoggingInitializer.cs:159 File logger initialized with file: multi-test-1.log
[000001]: 42ms INFO: LoggingInitializer.cs:200 Memory logger configured to dump to exception-multi-test-1.log only on abnormal exit.
[000001]: 42ms INFO: LoggingInitializer.cs:203 Logging system fully initialized.

```

## multi-test-2.log

```plaintext
[000001]: 41ms INFO: LoggingInitializer.cs:159 File logger initialized with file: multi-test-2.log
[000001]: 41ms INFO: LoggingInitializer.cs:200 Memory logger configured to dump to exception-multi-test-2.log only on abnormal exit.
[000001]: 41ms INFO: LoggingInitializer.cs:203 Logging system fully initialized.

```

</StdOut>
        <ErrorInfo>
          <Message>EXIT CODE: 0</Message>
          <StackTrace># Run first instance with unique log name
cycod version --log multi-test-1.log

# Wait 2 seconds to ensure different timestamps  
sleep 2

# Run second instance with unique log name
cycod version --log multi-test-2.log

# List all log files created
cycodmd multi-test-*.log
</StackTrace>
        </ErrorInfo>
        <TextMessages>
          <Message>START TIME: 12/08/2025 23:30:35 STOP TIME: 12/08/2025 23:30:44 EXIT CODE: 0</Message>
        </TextMessages>
      </Output>
    </UnitTestResult>
    <UnitTestResult executionId="daa2fec3-7788-448b-b8ee-805f36fd8e18" testId="562a8cb7-9d9a-7107-3df2-bc3b1ceab8ff" testName="yaml.console-logger-tests.console-logger-tests::01.Run cycod in debug mode and capture stderr" computerName="runnervmoqczp" duration="00:00:15.2757674" startTime="2025-12-08T23:30:29.0291462" endTime="2025-12-08T23:30:44.3049136" testType="13cdc9d9-ddb5-4fa4-a97d-d965ccfc6d4b" outcome="Passed" testListId="8c84fa94-04c1-424b-9868-57a2d4851a1d" relativeResultsDirectory="5ae2cad8-1088-491e-8c60-a19605e1c49a">
      <Output>
        <StdOut>=== STDERR ===
[000001]: 58ms INFO: LoggingInitializer.cs:175 Console logger initialized in debug mode.
[000001]: 58ms INFO: LoggingInitializer.cs:200 Memory logger configured to dump to exception-log-cycod-1765236629129.log only on abnormal exit.
[000001]: 58ms INFO: LoggingInitializer.cs:203 Logging system fully initialized.
=== STDOUT ===
Debug: True
Debug: True
Verbose: False
Quiet: False
On Linux/Mac... using HOME/.local/share: /home/runner/.local/share
Global config directory: /home/runner/.local/share/.cycod
On Linux/Mac... using HOME/.local/share: /home/runner/.local/share
Global config directory: /home/runner/.local/share/.cycod
ConfigStore.TryGetFromEnv; checking environment variable: CYCOD_AUTO_SAVE_LOG
ConfigStore.GetFromAnyScope; no value found for &apos;App.AutoSaveLog&apos;
filePath: 
fileBase: log
fileExt: log
timeStamp: 20251208233029
filePath: 
fileBase: log
fileExt: log
timeStamp: 20251208233029
Version: 1.0.0-DEV-runner-20251208.2330
</StdOut>
        <ErrorInfo>
          <Message>EXIT CODE: 0</Message>
          <StackTrace># Run cycod with --debug flag and capture stderr separately from stdout
cycod version --debug 2&gt; test-console-debug-stderr.log 1&gt; test-console-debug-stdout.log
echo "=== STDERR ===" &amp;&amp; cat test-console-debug-stderr.log
echo "=== STDOUT ===" &amp;&amp; cat test-console-debug-stdout.log
</StackTrace>
        </ErrorInfo>
        <TextMessages>
          <Message>START TIME: 12/08/2025 23:30:29 STOP TIME: 12/08/2025 23:30:44 EXIT CODE: 0</Message>
        </TextMessages>
      </Output>
    </UnitTestResult>
    <UnitTestResult executionId="251762f2-be9a-4fe6-817d-a9c9a50b456c" testId="3f30a65b-b846-cc0c-fca6-cddde82b7a7c" testName="yaml.cycod-slash-title-commands.slash-title-commands::01.Create test file copy for response timing test" computerName="runnervmoqczp" duration="00:00:17.5153196" startTime="2025-12-08T23:30:26.7994557" endTime="2025-12-08T23:30:44.3147753" testType="13cdc9d9-ddb5-4fa4-a97d-d965ccfc6d4b" outcome="Passed" testListId="8c84fa94-04c1-424b-9868-57a2d4851a1d" relativeResultsDirectory="f1a10f9e-733c-4ce1-bf9a-e5367372b0da">
      <Output>
        <ErrorInfo>
          <Message>EXIT CODE: 0</Message>
          <StackTrace>cp testfiles/unlocked-title-full-conversation.jsonl testfiles/response-timing-test.jsonl</StackTrace>
        </ErrorInfo>
        <TextMessages>
          <Message>START TIME: 12/08/2025 23:30:26 STOP TIME: 12/08/2025 23:30:44 EXIT CODE: 0</Message>
        </TextMessages>
      </Output>
    </UnitTestResult>
    <UnitTestResult executionId="7b80142e-e516-4ab6-b657-18956bed4848" testId="f5620d78-5b59-9f17-7325-19e4b4299b90" testName="yaml.cycod-slash-title-commands.slash-title-commands::01.Create test file with no title" computerName="runnervmoqczp" duration="00:00:18.8450804" startTime="2025-12-08T23:30:25.4696855" endTime="2025-12-08T23:30:44.3147659" testType="13cdc9d9-ddb5-4fa4-a97d-d965ccfc6d4b" outcome="Passed" testListId="8c84fa94-04c1-424b-9868-57a2d4851a1d" relativeResultsDirectory="ff13ac9b-1271-401d-a493-7e66b990afb0">
      <Output>
        <ErrorInfo>
          <Message>EXIT CODE: 0</Message>
          <StackTrace>cp testfiles/default-metadata-full-conversation.jsonl testfiles/unlock-no-title-test.jsonl</StackTrace>
        </ErrorInfo>
        <TextMessages>
          <Message>START TIME: 12/08/2025 23:30:25 STOP TIME: 12/08/2025 23:30:44 EXIT CODE: 0</Message>
        </TextMessages>
      </Output>
    </UnitTestResult>
    <UnitTestResult executionId="05ffef15-8bf5-4662-b833-ddb7cd7b009b" testId="ed1c9255-058f-d4c6-bfed-3eaee4720f76" testName="yaml.cycod-slash-title-commands.slash-title-commands::01.Test empty string content" computerName="runnervmoqczp" duration="00:00:18.9715296" startTime="2025-12-08T23:30:25.3530977" endTime="2025-12-08T23:30:44.3246273" testType="13cdc9d9-ddb5-4fa4-a97d-d965ccfc6d4b" outcome="Passed" testListId="8c84fa94-04c1-424b-9868-57a2d4851a1d" relativeResultsDirectory="5f3964e2-955b-49f9-81e9-a6bfbe61e760">
      <Output>
        <StdOut>
User: /title set &quot;&quot;
Error: Title cannot be empty. Please provide a title.


User: exit
</StdOut>
        <ErrorInfo>
          <Message>EXIT CODE: 0</Message>
          <StackTrace>RUN: cycod --input "/title set \"\"" --input exit --auto-save-chat-history 1 --use-test</StackTrace>
        </ErrorInfo>
        <TextMessages>
          <Message>START TIME: 12/08/2025 23:30:25 STOP TIME: 12/08/2025 23:30:44 EXIT CODE: 0</Message>
        </TextMessages>
      </Output>
    </UnitTestResult>
    <UnitTestResult executionId="2db6c61b-dfd8-4484-8d2c-ad660f86dd17" testId="a7693ca5-304e-d2e7-8b2c-ff65030bf2c8" testName="yaml.log-template-variable-tests.log-template-variable-tests::01.Run cycod with lowercase {timestamp} template and verify" computerName="runnervmoqczp" duration="00:00:13.2253724" startTime="2025-12-08T23:30:31.1830106" endTime="2025-12-08T23:30:44.4083830" testType="13cdc9d9-ddb5-4fa4-a97d-d965ccfc6d4b" outcome="Passed" testListId="8c84fa94-04c1-424b-9868-57a2d4851a1d" relativeResultsDirectory="9f9dcb4d-17ba-4eb3-940b-b993479180fa">
      <Output>
        <StdOut>Version: 1.0.0-DEV-runner-20251208.2330
## test-20251208233031-log.log

```plaintext
[000001]: 41ms INFO: LoggingInitializer.cs:159 File logger initialized with file: test-20251208233031-log.log
[000001]: 41ms INFO: LoggingInitializer.cs:200 Memory logger configured to dump to exception-test-20251208233031-log.log only on abnormal exit.
[000001]: 41ms INFO: LoggingInitializer.cs:203 Logging system fully initialized.

```

</StdOut>
        <ErrorInfo>
          <Message>EXIT CODE: 0</Message>
          <StackTrace>cycod version --log "test-{timestamp}-log.log"
cycodmd test-*-log.log exception-test-*-log.log
</StackTrace>
        </ErrorInfo>
        <TextMessages>
          <Message>START TIME: 12/08/2025 23:30:31 STOP TIME: 12/08/2025 23:30:44 EXIT CODE: 0</Message>
        </TextMessages>
      </Output>
    </UnitTestResult>
    <UnitTestResult executionId="c3b25a78-3c04-4472-8dd1-9ed899410b5f" testId="d7b0dff3-aece-b7a7-f323-428069629ff5" testName="yaml.log-directory-creation-tests.log-directory-creation-tests::01.Test log directory creation with valid command" computerName="runnervmoqczp" duration="00:00:10.7388395" startTime="2025-12-08T23:30:33.6837350" endTime="2025-12-08T23:30:44.4225745" testType="13cdc9d9-ddb5-4fa4-a97d-d965ccfc6d4b" outcome="Passed" testListId="8c84fa94-04c1-424b-9868-57a2d4851a1d" relativeResultsDirectory="e38c08ce-9442-4e5c-a1b8-cf7e2f123409">
      <Output>
        <StdOut>Version: 1.0.0-DEV-runner-20251208.2330
total 12
drwxr-xr-x 3 runner runner 4096 Dec  8 23:30 .
drwxr-xr-x 5 runner runner 4096 Dec  8 23:30 ..
drwxr-xr-x 2 runner runner 4096 Dec  8 23:30 logs
total 12
drwxr-xr-x 2 runner runner 4096 Dec  8 23:30 .
drwxr-xr-x 3 runner runner 4096 Dec  8 23:30 ..
-rw-r--r-- 1 runner runner  352 Dec  8 23:30 test.log
## exception-test-dir/logs/test.log

```plaintext
[000001]: 41ms INFO: LoggingInitializer.cs:159 File logger initialized with file: ./exception-test-dir/logs/test.log
[000001]: 41ms INFO: LoggingInitializer.cs:200 Memory logger configured to dump to ./exception-test-dir/logs/exception-test.log only on abnormal exit.
[000001]: 41ms INFO: LoggingInitializer.cs:203 Logging system fully initialized.

```

</StdOut>
        <ErrorInfo>
          <Message>EXIT CODE: 0</Message>
          <StackTrace># Ensure test directory doesn't exist
rm -rf ./exception-test-dir
# Run cycod with a valid command that will initialize logging
# This tests that the main log directory gets created
cycod version --log ./exception-test-dir/logs/test.log
# Check if directories were created
ls -la ./exception-test-dir/
ls -la ./exception-test-dir/logs/
cycodmd ./exception-test-dir/logs/test.log
</StackTrace>
        </ErrorInfo>
        <TextMessages>
          <Message>START TIME: 12/08/2025 23:30:33 STOP TIME: 12/08/2025 23:30:44 EXIT CODE: 0</Message>
        </TextMessages>
      </Output>
    </UnitTestResult>
    <UnitTestResult executionId="1d6ba3c3-143c-480f-8707-ed4876cf849d" testId="c6ce03e9-e39d-c69f-cec1-a7880483c1b6" testName="yaml.log-path-handling-tests.log-path-handling-tests::01.Create subdirectory and test with relative log path" computerName="runnervmoqczp" duration="00:00:12.2380141" startTime="2025-12-08T23:30:32.1840770" endTime="2025-12-08T23:30:44.4220911" testType="13cdc9d9-ddb5-4fa4-a97d-d965ccfc6d4b" outcome="Passed" testListId="8c84fa94-04c1-424b-9868-57a2d4851a1d" relativeResultsDirectory="eb316618-32cc-4e4d-8e33-1baa32992026">
      <Output>
        <StdOut>Version: 1.0.0-DEV-runner-20251208.2330
## logs/subdir/relative-test.log

```plaintext
[000001]: 43ms INFO: LoggingInitializer.cs:159 File logger initialized with file: logs/subdir/relative-test.log
[000001]: 43ms INFO: LoggingInitializer.cs:200 Memory logger configured to dump to logs/subdir/exception-relative-test.log only on abnormal exit.
[000001]: 43ms INFO: LoggingInitializer.cs:203 Logging system fully initialized.

```

</StdOut>
        <ErrorInfo>
          <Message>EXIT CODE: 0</Message>
          <StackTrace># Create a subdirectory for testing relative paths
mkdir -p logs/subdir

# Run cycod with relative path
cycod version --log logs/subdir/relative-test.log

# Verify the log file exists in the expected relative location
cycodmd logs/subdir/relative-test.log
</StackTrace>
        </ErrorInfo>
        <TextMessages>
          <Message>START TIME: 12/08/2025 23:30:32 STOP TIME: 12/08/2025 23:30:44 EXIT CODE: 0</Message>
        </TextMessages>
      </Output>
    </UnitTestResult>
    <UnitTestResult executionId="0d07fc76-e253-4a73-b60f-aa5e7ebbfcce" testId="829a5b96-c827-6e6b-4543-0c6e8793af46" testName="yaml.cycod-slash-title-commands.slash-title-commands::01.Test set command without conversation file" computerName="runnervmoqczp" duration="00:00:19.4462607" startTime="2025-12-08T23:30:25.4133451" endTime="2025-12-08T23:30:44.8596058" testType="13cdc9d9-ddb5-4fa4-a97d-d965ccfc6d4b" outcome="Passed" testListId="8c84fa94-04c1-424b-9868-57a2d4851a1d" relativeResultsDirectory="276f0f00-cb6e-425a-9570-6c73d6b5c2bd">
      <Output>
        <StdOut>
User: /title set &quot;My Title&quot;
Error: No conversation file to save metadata to. Use --input-chat-history or create a conversation first.


User: exit
</StdOut>
        <ErrorInfo>
          <Message>EXIT CODE: 0</Message>
          <StackTrace>RUN: cycod --input "/title set \"My Title\"" --input exit --auto-save-chat-history 0 --use-test</StackTrace>
        </ErrorInfo>
        <TextMessages>
          <Message>START TIME: 12/08/2025 23:30:25 STOP TIME: 12/08/2025 23:30:44 EXIT CODE: 0</Message>
        </TextMessages>
      </Output>
    </UnitTestResult>
    <UnitTestResult executionId="5e4dc33f-991c-4ebc-ad91-efd95fc98339" testId="a1e0ac77-c66f-e67b-349b-eda7f1b5d33e" testName="yaml.log-template-variable-tests.log-template-variable-tests::01.Run cycodmd with lowercase {programName} template and verify" computerName="runnervmoqczp" duration="00:00:03.7514865" startTime="2025-12-08T23:30:41.1913530" endTime="2025-12-08T23:30:44.9428395" testType="13cdc9d9-ddb5-4fa4-a97d-d965ccfc6d4b" outcome="Passed" testListId="8c84fa94-04c1-424b-9868-57a2d4851a1d" relativeResultsDirectory="f1499f35-f066-4217-b876-b52d33971040">
      <Output>
        <StdOut>Version: 1.0.0-ci-20251208.1
## test-cycodmd-log.log

```plaintext
[000001]: 39ms INFO: LoggingInitializer.cs:159 File logger initialized with file: test-cycodmd-log.log
[000001]: 39ms INFO: LoggingInitializer.cs:200 Memory logger configured to dump to exception-test-cycodmd-log.log only on abnormal exit.
[000001]: 39ms INFO: LoggingInitializer.cs:203 Logging system fully initialized.
[000001]: 40ms VERBOSE: EnvironmentHelpers.cs:5 FindEnvVar: BING_SEARCH_V7_ENDPOINT
[000001]: 41ms VERBOSE: ConfigFileHelpers.cs:110 On Linux/Mac... using HOME/.local/share: /home/runner/.local/share
[000001]: 41ms VERBOSE: ConfigFileHelpers.cs:74 Global config directory: /home/runner/.local/share/.cycod
[000001]: 41ms VERBOSE: ConfigFileHelpers.cs:110 On Linux/Mac... using HOME/.local/share: /home/runner/.local/share
[000001]: 41ms VERBOSE: ConfigFileHelpers.cs:74 Global config directory: /home/runner/.local/share/.cycod
[000001]: 41ms INFO: ConfigStore.cs:534 Config: No config file found for Global scope
[000001]: 41ms INFO: ConfigStore.cs:534 Config: No config file found for User scope
[000001]: 41ms INFO: ConfigStore.cs:534 Config: No config file found for Local scope
[000001]: 49ms VERBOSE: ConfigStore.cs:429 ConfigStore.TryGetFromEnv; checking environment variable: BING_SEARCH_V7_ENDPOINT
[000001]: 49ms VERBOSE: ConfigStore.cs:118 ConfigStore.GetFromAnyScope; no value found for &apos;BING_SEARCH_V7_ENDPOINT&apos;
[000001]: 49ms VERBOSE: EnvironmentHelpers.cs:5 FindEnvVar: BING_SEARCH_V7_KEY
[000001]: 49ms VERBOSE: ConfigStore.cs:429 ConfigStore.TryGetFromEnv; checking environment variable: BING_SEARCH_V7_KEY
[000001]: 49ms VERBOSE: ConfigStore.cs:118 ConfigStore.GetFromAnyScope; no value found for &apos;BING_SEARCH_V7_KEY&apos;
[000001]: 50ms VERBOSE: EnvironmentHelpers.cs:5 FindEnvVar: GOOGLE_SEARCH_ENDPOINT
[000001]: 50ms VERBOSE: ConfigStore.cs:429 ConfigStore.TryGetFromEnv; checking environment variable: GOOGLE_SEARCH_ENDPOINT
[000001]: 50ms VERBOSE: ConfigStore.cs:118 ConfigStore.GetFromAnyScope; no value found for &apos;GOOGLE_SEARCH_ENDPOINT&apos;
[000001]: 50ms VERBOSE: EnvironmentHelpers.cs:5 FindEnvVar: GOOGLE_SEARCH_KEY
[000001]: 50ms VERBOSE: ConfigStore.cs:429 ConfigStore.TryGetFromEnv; checking environment variable: GOOGLE_SEARCH_KEY
[000001]: 50ms VERBOSE: ConfigStore.cs:118 ConfigStore.GetFromAnyScope; no value found for &apos;GOOGLE_SEARCH_KEY&apos;
[000001]: 50ms VERBOSE: EnvironmentHelpers.cs:5 FindEnvVar: GOOGLE_SEARCH_ENGINE_ID
[000001]: 50ms VERBOSE: ConfigStore.cs:429 ConfigStore.TryGetFromEnv; checking environment variable: GOOGLE_SEARCH_ENGINE_ID
[000001]: 50ms VERBOSE: ConfigStore.cs:118 ConfigStore.GetFromAnyScope; no value found for &apos;GOOGLE_SEARCH_ENGINE_ID&apos;
[000001]: 50ms VERBOSE: EnvironmentHelpers.cs:5 FindEnvVar: AZURE_OPENAI_ENDPOINT
[000001]: 50ms VERBOSE: ConfigStore.cs:429 ConfigStore.TryGetFromEnv; checking environment variable: AZURE_OPENAI_ENDPOINT
[000001]: 50ms VERBOSE: ConfigStore.cs:118 ConfigStore.GetFromAnyScope; no value found for &apos;AZURE_OPENAI_ENDPOINT&apos;
[000001]: 50ms VERBOSE: EnvironmentHelpers.cs:5 FindEnvVar: AZURE_OPENAI_API_KEY
[000001]: 50ms VERBOSE: ConfigStore.cs:429 ConfigStore.TryGetFromEnv; checking environment variable: AZURE_OPENAI_API_KEY
[000001]: 50ms VERBOSE: ConfigStore.cs:118 ConfigStore.GetFromAnyScope; no value found for &apos;AZURE_OPENAI_API_KEY&apos;
[000001]: 50ms VERBOSE: EnvironmentHelpers.cs:5 FindEnvVar: AZURE_OPENAI_CHAT_DEPLOYMENT
[000001]: 50ms VERBOSE: ConfigStore.cs:429 ConfigStore.TryGetFromEnv; checking environment variable: AZURE_OPENAI_CHAT_DEPLOYMENT
[000001]: 50ms VERBOSE: ConfigStore.cs:118 ConfigStore.GetFromAnyScope; no value found for &apos;AZURE_OPENAI_CHAT_DEPLOYMENT&apos;
[000001]: 50ms VERBOSE: EnvironmentHelpers.cs:5 FindEnvVar: AZURE_OPENAI_SYSTEM_PROMPT
[000001]: 50ms VERBOSE: ConfigStore.cs:429 ConfigStore.TryGetFromEnv; checking environment variable: AZURE_OPENAI_SYSTEM_PROMPT
[000001]: 50ms VERBOSE: ConfigStore.cs:118 ConfigStore.GetFromAnyScope; no value found for &apos;AZURE_OPENAI_SYSTEM_PROMPT&apos;

```

</StdOut>
        <ErrorInfo>
          <Message>EXIT CODE: 0</Message>
          <StackTrace>cycodmd version --log "test-{programName}-log.log"
cycodmd test-cycodmd-log.log exception-test-cycodmd-log.log
</StackTrace>
        </ErrorInfo>
        <TextMessages>
          <Message>START TIME: 12/08/2025 23:30:41 STOP TIME: 12/08/2025 23:30:43 EXIT CODE: 0</Message>
        </TextMessages>
      </Output>
    </UnitTestResult>
    <UnitTestResult executionId="9d86430f-7328-4a0e-a787-7f34af5802e0" testId="de1d7dd3-9acf-0260-2fb8-9f7bbd69c08e" testName="yaml.cycod-slash-title-commands.slash-title-commands::01.Create file with missing _meta key" computerName="runnervmoqczp" duration="00:00:18.9532851" startTime="2025-12-08T23:30:26.0206022" endTime="2025-12-08T23:30:44.9738873" testType="13cdc9d9-ddb5-4fa4-a97d-d965ccfc6d4b" outcome="Passed" testListId="8c84fa94-04c1-424b-9868-57a2d4851a1d" relativeResultsDirectory="dd63afe9-86b9-445f-beeb-220e97c03bf9">
      <Output>
        <ErrorInfo>
          <Message>EXIT CODE: 0</Message>
          <StackTrace>echo '{"notmeta": {"title": "Should be ignored"}}' &gt; testfiles/missing-meta-key-test.jsonl
</StackTrace>
        </ErrorInfo>
        <TextMessages>
          <Message>START TIME: 12/08/2025 23:30:26 STOP TIME: 12/08/2025 23:30:44 EXIT CODE: 0</Message>
        </TextMessages>
      </Output>
    </UnitTestResult>
    <UnitTestResult executionId="7482ad4b-c29f-4e34-8f80-074850d1a6fa" testId="400424aa-50bd-d565-afdf-adb856981bed" testName="yaml.log-file-error-handling-tests.log-file-error-handling-tests::01.Try to log with invalid filename characters" computerName="runnervmoqczp" duration="00:00:08.2870357" startTime="2025-12-08T23:30:36.6876574" endTime="2025-12-08T23:30:44.9746931" testType="13cdc9d9-ddb5-4fa4-a97d-d965ccfc6d4b" outcome="Passed" testListId="8c84fa94-04c1-424b-9868-57a2d4851a1d" relativeResultsDirectory="88e03d79-b0b2-48a4-8f87-5cda812d15df">
      <Output>
        <StdOut>Version: 1.0.0-DEV-runner-20251208.2330
</StdOut>
        <ErrorInfo>
          <Message>EXIT CODE: 0</Message>
          <StackTrace># Use characters that are invalid in file names - app should continue
cycod version --log 'test&lt;&gt;:|?*invalid.log'
</StackTrace>
        </ErrorInfo>
        <TextMessages>
          <Message>START TIME: 12/08/2025 23:30:36 STOP TIME: 12/08/2025 23:30:44 EXIT CODE: 0</Message>
        </TextMessages>
      </Output>
    </UnitTestResult>
    <UnitTestResult executionId="8e6dc9a6-0de0-47bd-b555-7ad290b50783" testId="01b0f751-ab34-10ea-acae-e8162109177c" testName="yaml.cycod-slash-title-commands.slash-title-commands::01.Create file with wrong structure" computerName="runnervmoqczp" duration="00:00:19.0314325" startTime="2025-12-08T23:30:25.9430940" endTime="2025-12-08T23:30:44.9745265" testType="13cdc9d9-ddb5-4fa4-a97d-d965ccfc6d4b" outcome="Passed" testListId="8c84fa94-04c1-424b-9868-57a2d4851a1d" relativeResultsDirectory="b4955fdd-de6f-412b-b732-63ccba3fdfdd">
      <Output>
        <ErrorInfo>
          <Message>EXIT CODE: 0</Message>
          <StackTrace>echo '{"_meta": "should-be-object"}' &gt; testfiles/wrong-structure-test.jsonl
</StackTrace>
        </ErrorInfo>
        <TextMessages>
          <Message>START TIME: 12/08/2025 23:30:25 STOP TIME: 12/08/2025 23:30:44 EXIT CODE: 0</Message>
        </TextMessages>
      </Output>
    </UnitTestResult>
    <UnitTestResult executionId="dfaf2143-a688-4d19-a6ae-0cd71393ce9b" testId="a573284a-5e80-e49d-b2a0-56ae16dc9c06" testName="yaml.cycod-slash-title-commands.slash-title-commands::01.Create test file copy for refresh test" computerName="runnervmoqczp" duration="00:00:18.4259683" startTime="2025-12-08T23:30:26.5487595" endTime="2025-12-08T23:30:44.9747278" testType="13cdc9d9-ddb5-4fa4-a97d-d965ccfc6d4b" outcome="Passed" testListId="8c84fa94-04c1-424b-9868-57a2d4851a1d" relativeResultsDirectory="eab1a0ee-b88b-440a-80c8-718fec3f4981">
      <Output>
        <ErrorInfo>
          <Message>EXIT CODE: 0</Message>
          <StackTrace>cp testfiles/unlocked-title-full-conversation.jsonl testfiles/refresh-waste-time-test.jsonl</StackTrace>
        </ErrorInfo>
        <TextMessages>
          <Message>START TIME: 12/08/2025 23:30:26 STOP TIME: 12/08/2025 23:30:44 EXIT CODE: 0</Message>
        </TextMessages>
      </Output>
    </UnitTestResult>
    <UnitTestResult executionId="3428a7a1-2933-4369-a863-75fd225eb871" testId="6a4d46bb-51cb-78c8-19b4-4aaccd8ca9e6" testName="yaml.log-template-variable-tests.log-template-variable-tests::01.Run cycod with lowercase {programName} template and verify" computerName="runnervmoqczp" duration="00:00:14.8149020" startTime="2025-12-08T23:30:30.1818332" endTime="2025-12-08T23:30:44.9967352" testType="13cdc9d9-ddb5-4fa4-a97d-d965ccfc6d4b" outcome="Passed" testListId="8c84fa94-04c1-424b-9868-57a2d4851a1d" relativeResultsDirectory="65a0da40-9663-48b1-a813-979ad9cc2156">
      <Output>
        <StdOut>Version: 1.0.0-DEV-runner-20251208.2330
## test-cycod-log.log

```plaintext
[000001]: 41ms INFO: LoggingInitializer.cs:159 File logger initialized with file: test-cycod-log.log
[000001]: 41ms INFO: LoggingInitializer.cs:200 Memory logger configured to dump to exception-test-cycod-log.log only on abnormal exit.
[000001]: 41ms INFO: LoggingInitializer.cs:203 Logging system fully initialized.

```

</StdOut>
        <ErrorInfo>
          <Message>EXIT CODE: 0</Message>
          <StackTrace>cycod version --log "test-{programName}-log.log"
cycodmd test-cycod-log.log exception-test-cycod-log.log
</StackTrace>
        </ErrorInfo>
        <TextMessages>
          <Message>START TIME: 12/08/2025 23:30:30 STOP TIME: 12/08/2025 23:30:44 EXIT CODE: 0</Message>
        </TextMessages>
      </Output>
    </UnitTestResult>
    <UnitTestResult executionId="48d93b9e-e562-4c97-ab4b-ee4b672d6905" testId="0bac54dd-8c62-7670-50be-94743184ea2e" testName="yaml.cycod-slash-title-commands.slash-title-commands::02.Test very long title (250 chars)" computerName="runnervmoqczp" duration="00:00:01.8014112" startTime="2025-12-08T23:30:43.2409432" endTime="2025-12-08T23:30:45.0423544" testType="13cdc9d9-ddb5-4fa4-a97d-d965ccfc6d4b" outcome="Passed" testListId="8c84fa94-04c1-424b-9868-57a2d4851a1d" relativeResultsDirectory="171e9736-5195-4fe6-a432-8e048185d15d">
      <Output>
        <StdOut>
User: /title set &quot;This is an exceptionally long title that significantly exceeds one hundred characters in total length and is designed to test how the system handles very lengthy title text without any display truncation or storage issues&quot;
Title updated to: &quot;This is an exceptionally long title that significantly exceeds one hundred characters in total length and is designed to test how the system handles very lengthy title text without any display truncation or storage issues&quot; (locked from AI changes)


User: /title view
Title:     This is an exceptionally long title that significantly exceeds one hundred characters in total length and is designed to test how the system handles very lengthy title text without any display truncation or storage issues
Previous:  
Status:    locked


User: exit
</StdOut>
        <ErrorInfo>
          <Message>EXIT CODE: 0</Message>
          <StackTrace>RUN: cycod --input "/title set \"This is an exceptionally long title that significantly exceeds one hundred characters in total length and is designed to test how the system handles very lengthy title text without any display truncation or storage issues\"" --input "/title view" --input exit --auto-save-chat-history 1 --use-test</StackTrace>
        </ErrorInfo>
        <TextMessages>
          <Message>START TIME: 12/08/2025 23:30:43 STOP TIME: 12/08/2025 23:30:44 EXIT CODE: 0</Message>
        </TextMessages>
      </Output>
    </UnitTestResult>
    <UnitTestResult executionId="a7688ba3-4168-4212-a0bb-9133a38cb807" testId="56e6c13f-75b2-37c5-ddd0-c3efbeee09a0" testName="yaml.log-template-variable-tests.log-template-variable-tests::01.Run cycodmd with lowercase {time} template and verify" computerName="runnervmoqczp" duration="00:00:03.8892826" startTime="2025-12-08T23:30:41.6920281" endTime="2025-12-08T23:30:45.5813107" testType="13cdc9d9-ddb5-4fa4-a97d-d965ccfc6d4b" outcome="Passed" testListId="8c84fa94-04c1-424b-9868-57a2d4851a1d" relativeResultsDirectory="e57e949f-b7c6-4a3d-a5f7-ebc14e8ea185">
      <Output>
        <StdOut>Version: 1.0.0-ci-20251208.1
## test-1765236641762-log.log

```plaintext
[000001]: 38ms INFO: LoggingInitializer.cs:159 File logger initialized with file: test-1765236641762-log.log
[000001]: 39ms INFO: LoggingInitializer.cs:200 Memory logger configured to dump to exception-test-1765236641762-log.log only on abnormal exit.
[000001]: 39ms INFO: LoggingInitializer.cs:203 Logging system fully initialized.
[000001]: 39ms VERBOSE: EnvironmentHelpers.cs:5 FindEnvVar: BING_SEARCH_V7_ENDPOINT
[000001]: 40ms VERBOSE: ConfigFileHelpers.cs:110 On Linux/Mac... using HOME/.local/share: /home/runner/.local/share
[000001]: 40ms VERBOSE: ConfigFileHelpers.cs:74 Global config directory: /home/runner/.local/share/.cycod
[000001]: 40ms VERBOSE: ConfigFileHelpers.cs:110 On Linux/Mac... using HOME/.local/share: /home/runner/.local/share
[000001]: 40ms VERBOSE: ConfigFileHelpers.cs:74 Global config directory: /home/runner/.local/share/.cycod
[000001]: 40ms INFO: ConfigStore.cs:534 Config: No config file found for Global scope
[000001]: 40ms INFO: ConfigStore.cs:534 Config: No config file found for User scope
[000001]: 40ms INFO: ConfigStore.cs:534 Config: No config file found for Local scope
[000001]: 48ms VERBOSE: ConfigStore.cs:429 ConfigStore.TryGetFromEnv; checking environment variable: BING_SEARCH_V7_ENDPOINT
[000001]: 49ms VERBOSE: ConfigStore.cs:118 ConfigStore.GetFromAnyScope; no value found for &apos;BING_SEARCH_V7_ENDPOINT&apos;
[000001]: 49ms VERBOSE: EnvironmentHelpers.cs:5 FindEnvVar: BING_SEARCH_V7_KEY
[000001]: 49ms VERBOSE: ConfigStore.cs:429 ConfigStore.TryGetFromEnv; checking environment variable: BING_SEARCH_V7_KEY
[000001]: 49ms VERBOSE: ConfigStore.cs:118 ConfigStore.GetFromAnyScope; no value found for &apos;BING_SEARCH_V7_KEY&apos;
[000001]: 49ms VERBOSE: EnvironmentHelpers.cs:5 FindEnvVar: GOOGLE_SEARCH_ENDPOINT
[000001]: 49ms VERBOSE: ConfigStore.cs:429 ConfigStore.TryGetFromEnv; checking environment variable: GOOGLE_SEARCH_ENDPOINT
[000001]: 49ms VERBOSE: ConfigStore.cs:118 ConfigStore.GetFromAnyScope; no value found for &apos;GOOGLE_SEARCH_ENDPOINT&apos;
[000001]: 49ms VERBOSE: EnvironmentHelpers.cs:5 FindEnvVar: GOOGLE_SEARCH_KEY
[000001]: 49ms VERBOSE: ConfigStore.cs:429 ConfigStore.TryGetFromEnv; checking environment variable: GOOGLE_SEARCH_KEY
[000001]: 49ms VERBOSE: ConfigStore.cs:118 ConfigStore.GetFromAnyScope; no value found for &apos;GOOGLE_SEARCH_KEY&apos;
[000001]: 49ms VERBOSE: EnvironmentHelpers.cs:5 FindEnvVar: GOOGLE_SEARCH_ENGINE_ID
[000001]: 49ms VERBOSE: ConfigStore.cs:429 ConfigStore.TryGetFromEnv; checking environment variable: GOOGLE_SEARCH_ENGINE_ID
[000001]: 49ms VERBOSE: ConfigStore.cs:118 ConfigStore.GetFromAnyScope; no value found for &apos;GOOGLE_SEARCH_ENGINE_ID&apos;
[000001]: 49ms VERBOSE: EnvironmentHelpers.cs:5 FindEnvVar: AZURE_OPENAI_ENDPOINT
[000001]: 49ms VERBOSE: ConfigStore.cs:429 ConfigStore.TryGetFromEnv; checking environment variable: AZURE_OPENAI_ENDPOINT
[000001]: 49ms VERBOSE: ConfigStore.cs:118 ConfigStore.GetFromAnyScope; no value found for &apos;AZURE_OPENAI_ENDPOINT&apos;
[000001]: 49ms VERBOSE: EnvironmentHelpers.cs:5 FindEnvVar: AZURE_OPENAI_API_KEY
[000001]: 49ms VERBOSE: ConfigStore.cs:429 ConfigStore.TryGetFromEnv; checking environment variable: AZURE_OPENAI_API_KEY
[000001]: 49ms VERBOSE: ConfigStore.cs:118 ConfigStore.GetFromAnyScope; no value found for &apos;AZURE_OPENAI_API_KEY&apos;
[000001]: 49ms VERBOSE: EnvironmentHelpers.cs:5 FindEnvVar: AZURE_OPENAI_CHAT_DEPLOYMENT
[000001]: 49ms VERBOSE: ConfigStore.cs:429 ConfigStore.TryGetFromEnv; checking environment variable: AZURE_OPENAI_CHAT_DEPLOYMENT
[000001]: 49ms VERBOSE: ConfigStore.cs:118 ConfigStore.GetFromAnyScope; no value found for &apos;AZURE_OPENAI_CHAT_DEPLOYMENT&apos;
[000001]: 49ms VERBOSE: EnvironmentHelpers.cs:5 FindEnvVar: AZURE_OPENAI_SYSTEM_PROMPT
[000001]: 49ms VERBOSE: ConfigStore.cs:429 ConfigStore.TryGetFromEnv; checking environment variable: AZURE_OPENAI_SYSTEM_PROMPT
[000001]: 49ms VERBOSE: ConfigStore.cs:118 ConfigStore.GetFromAnyScope; no value found for &apos;AZURE_OPENAI_SYSTEM_PROMPT&apos;

```

</StdOut>
        <ErrorInfo>
          <Message>EXIT CODE: 0</Message>
          <StackTrace>cycodmd version --log "test-{time}-log.log"
cycodmd test-*-log.log exception-test-*-log.log
</StackTrace>
        </ErrorInfo>
        <TextMessages>
          <Message>START TIME: 12/08/2025 23:30:41 STOP TIME: 12/08/2025 23:30:43 EXIT CODE: 0</Message>
        </TextMessages>
      </Output>
    </UnitTestResult>
    <UnitTestResult executionId="df7745bb-488a-46c3-a55a-3112c84b7ba3" testId="842030ae-3fb5-05be-9752-5646f89b3185" testName="yaml.log-template-variable-tests.log-template-variable-tests::01.Run cycodmd with uppercase {TimeStamp} template and verify" computerName="runnervmoqczp" duration="00:00:03.6725987" startTime="2025-12-08T23:30:41.9433131" endTime="2025-12-08T23:30:45.6159118" testType="13cdc9d9-ddb5-4fa4-a97d-d965ccfc6d4b" outcome="Passed" testListId="8c84fa94-04c1-424b-9868-57a2d4851a1d" relativeResultsDirectory="5c3d54b6-1520-4631-aa5b-95dd934a8cb9">
      <Output>
        <StdOut>Version: 1.0.0-ci-20251208.1
## test-20251208233042-log.log

```plaintext
[000001]: 38ms INFO: LoggingInitializer.cs:159 File logger initialized with file: test-20251208233042-log.log
[000001]: 39ms INFO: LoggingInitializer.cs:200 Memory logger configured to dump to exception-test-20251208233042-log.log only on abnormal exit.
[000001]: 39ms INFO: LoggingInitializer.cs:203 Logging system fully initialized.
[000001]: 39ms VERBOSE: EnvironmentHelpers.cs:5 FindEnvVar: BING_SEARCH_V7_ENDPOINT
[000001]: 40ms VERBOSE: ConfigFileHelpers.cs:110 On Linux/Mac... using HOME/.local/share: /home/runner/.local/share
[000001]: 40ms VERBOSE: ConfigFileHelpers.cs:74 Global config directory: /home/runner/.local/share/.cycod
[000001]: 40ms VERBOSE: ConfigFileHelpers.cs:110 On Linux/Mac... using HOME/.local/share: /home/runner/.local/share
[000001]: 40ms VERBOSE: ConfigFileHelpers.cs:74 Global config directory: /home/runner/.local/share/.cycod
[000001]: 40ms INFO: ConfigStore.cs:534 Config: No config file found for Global scope
[000001]: 40ms INFO: ConfigStore.cs:534 Config: No config file found for User scope
[000001]: 41ms INFO: ConfigStore.cs:534 Config: No config file found for Local scope
[000001]: 48ms VERBOSE: ConfigStore.cs:429 ConfigStore.TryGetFromEnv; checking environment variable: BING_SEARCH_V7_ENDPOINT
[000001]: 49ms VERBOSE: ConfigStore.cs:118 ConfigStore.GetFromAnyScope; no value found for &apos;BING_SEARCH_V7_ENDPOINT&apos;
[000001]: 49ms VERBOSE: EnvironmentHelpers.cs:5 FindEnvVar: BING_SEARCH_V7_KEY
[000001]: 49ms VERBOSE: ConfigStore.cs:429 ConfigStore.TryGetFromEnv; checking environment variable: BING_SEARCH_V7_KEY
[000001]: 49ms VERBOSE: ConfigStore.cs:118 ConfigStore.GetFromAnyScope; no value found for &apos;BING_SEARCH_V7_KEY&apos;
[000001]: 49ms VERBOSE: EnvironmentHelpers.cs:5 FindEnvVar: GOOGLE_SEARCH_ENDPOINT
[000001]: 49ms VERBOSE: ConfigStore.cs:429 ConfigStore.TryGetFromEnv; checking environment variable: GOOGLE_SEARCH_ENDPOINT
[000001]: 49ms VERBOSE: ConfigStore.cs:118 ConfigStore.GetFromAnyScope; no value found for &apos;GOOGLE_SEARCH_ENDPOINT&apos;
[000001]: 49ms VERBOSE: EnvironmentHelpers.cs:5 FindEnvVar: GOOGLE_SEARCH_KEY
[000001]: 49ms VERBOSE: ConfigStore.cs:429 ConfigStore.TryGetFromEnv; checking environment variable: GOOGLE_SEARCH_KEY
[000001]: 49ms VERBOSE: ConfigStore.cs:118 ConfigStore.GetFromAnyScope; no value found for &apos;GOOGLE_SEARCH_KEY&apos;
[000001]: 49ms VERBOSE: EnvironmentHelpers.cs:5 FindEnvVar: GOOGLE_SEARCH_ENGINE_ID
[000001]: 49ms VERBOSE: ConfigStore.cs:429 ConfigStore.TryGetFromEnv; checking environment variable: GOOGLE_SEARCH_ENGINE_ID
[000001]: 49ms VERBOSE: ConfigStore.cs:118 ConfigStore.GetFromAnyScope; no value found for &apos;GOOGLE_SEARCH_ENGINE_ID&apos;
[000001]: 49ms VERBOSE: EnvironmentHelpers.cs:5 FindEnvVar: AZURE_OPENAI_ENDPOINT
[000001]: 49ms VERBOSE: ConfigStore.cs:429 ConfigStore.TryGetFromEnv; checking environment variable: AZURE_OPENAI_ENDPOINT
[000001]: 49ms VERBOSE: ConfigStore.cs:118 ConfigStore.GetFromAnyScope; no value found for &apos;AZURE_OPENAI_ENDPOINT&apos;
[000001]: 49ms VERBOSE: EnvironmentHelpers.cs:5 FindEnvVar: AZURE_OPENAI_API_KEY
[000001]: 49ms VERBOSE: ConfigStore.cs:429 ConfigStore.TryGetFromEnv; checking environment variable: AZURE_OPENAI_API_KEY
[000001]: 49ms VERBOSE: ConfigStore.cs:118 ConfigStore.GetFromAnyScope; no value found for &apos;AZURE_OPENAI_API_KEY&apos;
[000001]: 49ms VERBOSE: EnvironmentHelpers.cs:5 FindEnvVar: AZURE_OPENAI_CHAT_DEPLOYMENT
[000001]: 49ms VERBOSE: ConfigStore.cs:429 ConfigStore.TryGetFromEnv; checking environment variable: AZURE_OPENAI_CHAT_DEPLOYMENT
[000001]: 49ms VERBOSE: ConfigStore.cs:118 ConfigStore.GetFromAnyScope; no value found for &apos;AZURE_OPENAI_CHAT_DEPLOYMENT&apos;
[000001]: 49ms VERBOSE: EnvironmentHelpers.cs:5 FindEnvVar: AZURE_OPENAI_SYSTEM_PROMPT
[000001]: 49ms VERBOSE: ConfigStore.cs:429 ConfigStore.TryGetFromEnv; checking environment variable: AZURE_OPENAI_SYSTEM_PROMPT
[000001]: 49ms VERBOSE: ConfigStore.cs:118 ConfigStore.GetFromAnyScope; no value found for &apos;AZURE_OPENAI_SYSTEM_PROMPT&apos;

```

</StdOut>
        <ErrorInfo>
          <Message>EXIT CODE: 0</Message>
          <StackTrace>cycodmd version --log "test-{TimeStamp}-log.log"
cycodmd test-*-log.log exception-test-*-log.log
</StackTrace>
        </ErrorInfo>
        <TextMessages>
          <Message>START TIME: 12/08/2025 23:30:41 STOP TIME: 12/08/2025 23:30:44 EXIT CODE: 0</Message>
        </TextMessages>
      </Output>
    </UnitTestResult>
    <UnitTestResult executionId="46f05a94-32e1-441d-ba5a-c2eaa51f720a" testId="c2a36695-139a-252b-5c7e-d6e6d766eed5" testName="yaml.cycod-slash-title-commands.slash-title-commands::01.Create test file with unlocked title" computerName="runnervmoqczp" duration="00:00:20.4721324" startTime="2025-12-08T23:30:25.3766384" endTime="2025-12-08T23:30:45.8487708" testType="13cdc9d9-ddb5-4fa4-a97d-d965ccfc6d4b" outcome="Passed" testListId="8c84fa94-04c1-424b-9868-57a2d4851a1d" relativeResultsDirectory="934e756f-72c4-4f29-a827-7925fb3f3f4a">
      <Output>
        <ErrorInfo>
          <Message>EXIT CODE: 0</Message>
          <StackTrace>cp testfiles/unlocked-title-full-conversation.jsonl testfiles/lock-test-file.jsonl</StackTrace>
        </ErrorInfo>
        <TextMessages>
          <Message>START TIME: 12/08/2025 23:30:25 STOP TIME: 12/08/2025 23:30:45 EXIT CODE: 0</Message>
        </TextMessages>
      </Output>
    </UnitTestResult>
    <UnitTestResult executionId="5c24b711-9bdd-4c35-8219-8f6fba534617" testId="ab4b8132-03a3-1d80-81c1-b34b9091fd6f" testName="yaml.log-file-error-handling-tests.log-file-error-handling-tests::01.Verify logging system doesn't completely fail" computerName="runnervmoqczp" duration="00:00:08.4116964" startTime="2025-12-08T23:30:37.4381786" endTime="2025-12-08T23:30:45.8498750" testType="13cdc9d9-ddb5-4fa4-a97d-d965ccfc6d4b" outcome="Passed" testListId="8c84fa94-04c1-424b-9868-57a2d4851a1d" relativeResultsDirectory="0cce0e46-3fb4-46bd-8ae0-dd1bd7399d63">
      <Output>
        <StdOut>Exit code: 0
Application continued running after logging failure
</StdOut>
        <ErrorInfo>
          <Message>EXIT CODE: 0</Message>
          <StackTrace># Even with invalid file path, some form of logging should continue
# We can't easily test memory logger directly, but we can verify
# the application doesn't crash and still processes commands
cycod version --log "/completely/invalid/path.log" &gt;/dev/null 2&gt;&amp;1
echo "Exit code: $?"
echo "Application continued running after logging failure"
</StackTrace>
        </ErrorInfo>
        <TextMessages>
          <Message>START TIME: 12/08/2025 23:30:37 STOP TIME: 12/08/2025 23:30:45 EXIT CODE: 0</Message>
        </TextMessages>
      </Output>
    </UnitTestResult>
    <UnitTestResult executionId="ae9ffe63-aefb-4a7d-a05b-64b834dbef47" testId="52784974-cf5d-5e26-dfb4-79f5f08a5e12" testName="yaml.multiple-log-instances-tests.multiple-log-instances-tests::01.Run instances with same base name but different content" computerName="runnervmoqczp" duration="00:00:09.9378541" startTime="2025-12-08T23:30:35.9356719" endTime="2025-12-08T23:30:45.8735260" testType="13cdc9d9-ddb5-4fa4-a97d-d965ccfc6d4b" outcome="Passed" testListId="8c84fa94-04c1-424b-9868-57a2d4851a1d" relativeResultsDirectory="4ea7e55b-ddd5-4fd5-93fa-30dbdc4e15f4">
      <Output>
        <StdOut>Created 2 separate log files
## shared-base-1765236636008.log

```plaintext
[000001]: 41ms INFO: LoggingInitializer.cs:159 File logger initialized with file: shared-base-1765236636008.log
[000001]: 41ms INFO: LoggingInitializer.cs:200 Memory logger configured to dump to exception-shared-base-1765236636008.log only on abnormal exit.
[000001]: 41ms INFO: LoggingInitializer.cs:203 Logging system fully initialized.

```

## shared-base-1765236637050.log

```plaintext
[000001]: 64ms INFO: LoggingInitializer.cs:159 File logger initialized with file: shared-base-1765236637050.log
[000001]: 64ms INFO: LoggingInitializer.cs:200 Memory logger configured to dump to exception-shared-base-1765236637050.log only on abnormal exit.
[000001]: 64ms INFO: LoggingInitializer.cs:203 Logging system fully initialized.

```

</StdOut>
        <ErrorInfo>
          <Message>EXIT CODE: 0</Message>
          <StackTrace># Run first instance that will log specific content
cycod version --log "shared-base-{time}.log" &gt; /dev/null &amp;
FIRST_PID=$!

# Small delay to ensure different timestamps
sleep 1

# Run second instance 
cycod version --log "shared-base-{time}.log" &gt; /dev/null &amp;
SECOND_PID=$!

# Wait for both to complete
wait $FIRST_PID
wait $SECOND_PID

# Count the number of log files created
LOG_COUNT=$(ls shared-base-*.log 2&gt;/dev/null | wc -l)
echo "Created $LOG_COUNT separate log files"

# Verify each file contains the expected startup sequence
cycodmd shared-base-*.log
</StackTrace>
        </ErrorInfo>
        <TextMessages>
          <Message>START TIME: 12/08/2025 23:30:35 STOP TIME: 12/08/2025 23:30:45 EXIT CODE: 0</Message>
        </TextMessages>
      </Output>
    </UnitTestResult>
    <UnitTestResult executionId="2ac6fe4f-8354-46a1-83f7-c93d3f58a91a" testId="efb53f65-f2ce-a9f5-7565-b27208d4087e" testName="yaml.log-directory-creation-tests.log-directory-creation-tests::01.Remove test directory and run cycod with nested log path" computerName="runnervmoqczp" duration="00:00:12.6947438" startTime="2025-12-08T23:30:33.1841584" endTime="2025-12-08T23:30:45.8789022" testType="13cdc9d9-ddb5-4fa4-a97d-d965ccfc6d4b" outcome="Passed" testListId="8c84fa94-04c1-424b-9868-57a2d4851a1d" relativeResultsDirectory="64eb2ecd-75c5-41da-9ef0-191901b69c06">
      <Output>
        <StdOut>Version: 1.0.0-DEV-runner-20251208.2330
total 12
drwxr-xr-x 2 runner runner 4096 Dec  8 23:30 .
drwxr-xr-x 3 runner runner 4096 Dec  8 23:30 ..
-rw-r--r-- 1 runner runner  372 Dec  8 23:30 test-nested.log
## test-log-dir/nested/subdir/test-nested.log

```plaintext
[000001]: 41ms INFO: LoggingInitializer.cs:159 File logger initialized with file: ./test-log-dir/nested/subdir/test-nested.log
[000001]: 41ms INFO: LoggingInitializer.cs:200 Memory logger configured to dump to ./test-log-dir/nested/subdir/exception-test-nested.log only on abnormal exit.
[000001]: 41ms INFO: LoggingInitializer.cs:203 Logging system fully initialized.

```

</StdOut>
        <ErrorInfo>
          <Message>EXIT CODE: 0</Message>
          <StackTrace># Ensure test directory doesn't exist
rm -rf ./test-log-dir
# Run cycod with a log file in a nested directory that doesn't exist
cycod version --log ./test-log-dir/nested/subdir/test-nested.log
# Verify the directory was created and log file exists
ls -la ./test-log-dir/nested/subdir/
cycodmd ./test-log-dir/nested/subdir/test-nested.log
</StackTrace>
        </ErrorInfo>
        <TextMessages>
          <Message>START TIME: 12/08/2025 23:30:33 STOP TIME: 12/08/2025 23:30:45 EXIT CODE: 0</Message>
        </TextMessages>
      </Output>
    </UnitTestResult>
    <UnitTestResult executionId="fb644759-1bb8-4556-aa42-96692850e918" testId="f70b4f96-8aa3-961c-635d-3bfdebc4ec29" testName="yaml.cycod-slash-title-commands.slash-title-commands::01.Create file with extra metadata for set test" computerName="runnervmoqczp" duration="00:00:19.6642021" startTime="2025-12-08T23:30:26.2220547" endTime="2025-12-08T23:30:45.8862568" testType="13cdc9d9-ddb5-4fa4-a97d-d965ccfc6d4b" outcome="Passed" testListId="8c84fa94-04c1-424b-9868-57a2d4851a1d" relativeResultsDirectory="26184a02-060d-412b-9ff1-4cb1baecea5a">
      <Output>
        <ErrorInfo>
          <Message>EXIT CODE: 0</Message>
          <StackTrace>echo '{"_meta":{"title":"Old","titleLocked":false,"customField":"preserved","version":2}}' &gt; testfiles/extra-fields-test.jsonl
</StackTrace>
        </ErrorInfo>
        <TextMessages>
          <Message>START TIME: 12/08/2025 23:30:26 STOP TIME: 12/08/2025 23:30:45 EXIT CODE: 0</Message>
        </TextMessages>
      </Output>
    </UnitTestResult>
    <UnitTestResult executionId="2aed42e9-d9d3-407f-99f9-17e85671b37d" testId="fac07cc8-1c35-c4ed-dda1-25ffb732785f" testName="yaml.log-directory-creation-tests.log-directory-creation-tests::02.Clean up log directory test files" computerName="runnervmoqczp" duration="00:00:01.4468828" startTime="2025-12-08T23:30:44.4394973" endTime="2025-12-08T23:30:45.8863801" testType="13cdc9d9-ddb5-4fa4-a97d-d965ccfc6d4b" outcome="Passed" testListId="8c84fa94-04c1-424b-9868-57a2d4851a1d" relativeResultsDirectory="90074376-9b83-4ef6-95a0-85aa3a2c68cf">
      <Output>
        <StdOut>Log directory test cleanup completed
</StdOut>
        <ErrorInfo>
          <Message>EXIT CODE: 0</Message>
          <StackTrace>rm -rf ./exception-test-dir
rm -f ./exception-log-*.log
echo "Log directory test cleanup completed"
</StackTrace>
        </ErrorInfo>
        <TextMessages>
          <Message>START TIME: 12/08/2025 23:30:44 STOP TIME: 12/08/2025 23:30:45 EXIT CODE: 0</Message>
        </TextMessages>
      </Output>
    </UnitTestResult>
    <UnitTestResult executionId="ede354e0-47ee-41b2-8fd0-3e51bad115ba" testId="8128cc4e-b2e7-73ef-19f1-ef1ba394f060" testName="yaml.cycod-slash-title-commands.slash-title-commands::01.Create test file copy for refresh test" computerName="runnervmoqczp" duration="00:00:19.4628150" startTime="2025-12-08T23:30:26.4233766" endTime="2025-12-08T23:30:45.8861916" testType="13cdc9d9-ddb5-4fa4-a97d-d965ccfc6d4b" outcome="Passed" testListId="8c84fa94-04c1-424b-9868-57a2d4851a1d" relativeResultsDirectory="13c2bf8e-c288-4948-90d2-ea8fa24625f8">
      <Output>
        <ErrorInfo>
          <Message>EXIT CODE: 0</Message>
          <StackTrace>cp testfiles/unlocked-title-full-conversation.jsonl testfiles/refresh-verification-test.jsonl</StackTrace>
        </ErrorInfo>
        <TextMessages>
          <Message>START TIME: 12/08/2025 23:30:26 STOP TIME: 12/08/2025 23:30:45 EXIT CODE: 0</Message>
        </TextMessages>
      </Output>
    </UnitTestResult>
    <UnitTestResult executionId="19f37eae-1e6c-4090-95b2-8b11ab06a5c6" testId="54a5c5b5-e554-1816-ed3b-b5aef9002bed" testName="yaml.log-template-variable-tests.log-template-variable-tests::02.Clean up lowercase programName test log files" computerName="runnervmoqczp" duration="00:00:00.9319093" startTime="2025-12-08T23:30:44.9642035" endTime="2025-12-08T23:30:45.8961128" testType="13cdc9d9-ddb5-4fa4-a97d-d965ccfc6d4b" outcome="Passed" testListId="8c84fa94-04c1-424b-9868-57a2d4851a1d" relativeResultsDirectory="3d7d1ac8-51b8-44cb-96cc-30b7a2d59af0">
      <Output>
        <StdOut>Cleanup completed
</StdOut>
        <ErrorInfo>
          <Message>EXIT CODE: 0</Message>
          <StackTrace>rm -f test-*-log.log test-*-combined.log exception-test-*-log.log exception-test-*-combined.log
echo "Cleanup completed"
</StackTrace>
        </ErrorInfo>
        <TextMessages>
          <Message>START TIME: 12/08/2025 23:30:44 STOP TIME: 12/08/2025 23:30:45 EXIT CODE: 0</Message>
        </TextMessages>
      </Output>
    </UnitTestResult>
    <UnitTestResult executionId="fb5dcdc1-7a78-4326-8174-dcd29d1bc9c8" testId="2b0d71c6-5885-2eb2-511b-64a3c65acb88" testName="yaml.cycod-slash-title-commands.slash-title-commands::01.Create readonly file" computerName="runnervmoqczp" duration="00:00:20.3990787" startTime="2025-12-08T23:30:25.4984531" endTime="2025-12-08T23:30:45.8975318" testType="13cdc9d9-ddb5-4fa4-a97d-d965ccfc6d4b" outcome="Passed" testListId="8c84fa94-04c1-424b-9868-57a2d4851a1d" relativeResultsDirectory="539b5af3-3556-4e9d-8b5f-8e3a5316e73b">
      <Output>
        <ErrorInfo>
          <Message>EXIT CODE: 0</Message>
          <StackTrace>cp testfiles/locked-title-full-conversation.jsonl testfiles/readonly-unlock-test.jsonl
chmod 444 testfiles/readonly-unlock-test.jsonl
</StackTrace>
        </ErrorInfo>
        <TextMessages>
          <Message>START TIME: 12/08/2025 23:30:25 STOP TIME: 12/08/2025 23:30:45 EXIT CODE: 0</Message>
        </TextMessages>
      </Output>
    </UnitTestResult>
    <UnitTestResult executionId="bb6d1c67-3813-477a-a97f-fdae0b6ced77" testId="80806280-d4c8-f764-5c54-4da3fcf03017" testName="yaml.log-level-configuration-tests.log-level-configuration-tests::02.Clean up warning level test files" computerName="runnervmoqczp" duration="00:00:01.8039351" startTime="2025-12-08T23:30:44.0850006" endTime="2025-12-08T23:30:45.8889357" testType="13cdc9d9-ddb5-4fa4-a97d-d965ccfc6d4b" outcome="Passed" testListId="8c84fa94-04c1-424b-9868-57a2d4851a1d" relativeResultsDirectory="63e20dd1-a125-4ba2-9f77-dcf950357f41">
      <Output>
        <StdOut>Warning level test cleanup completed
</StdOut>
        <ErrorInfo>
          <Message>EXIT CODE: 0</Message>
          <StackTrace>rm -f test-warning-level.log exception-test-warning-level.log
echo "Warning level test cleanup completed"
</StackTrace>
        </ErrorInfo>
        <TextMessages>
          <Message>START TIME: 12/08/2025 23:30:44 STOP TIME: 12/08/2025 23:30:45 EXIT CODE: 0</Message>
        </TextMessages>
      </Output>
    </UnitTestResult>
[...]
    <TestEntry testId="83de25af-e6f3-c057-1efa-fcfc45c0192b" executionId="99f2aa02-9c72-4957-88a5-f2bdea1386a7" testListId="8c84fa94-04c1-424b-9868-57a2d4851a1d" />
    <TestEntry testId="416afdf0-3cc3-3be7-157f-c6e19326469d" executionId="ca307dbe-bae3-4b93-8099-e4d1837df85b" testListId="8c84fa94-04c1-424b-9868-57a2d4851a1d" />
    <TestEntry testId="474d3cdc-fa4e-169a-ba74-f8bcab206041" executionId="1207b137-872b-4c83-962a-d6b8988ea6fd" testListId="8c84fa94-04c1-424b-9868-57a2d4851a1d" />
    <TestEntry testId="4e0526a7-51a7-eb54-97c9-996149a61891" executionId="9098b3c8-ac1d-46d3-8ae5-f1d80b950e95" testListId="8c84fa94-04c1-424b-9868-57a2d4851a1d" />
    <TestEntry testId="cb76f9b7-ab6c-a66a-c398-dfc77e64c57b" executionId="21f8c22f-a273-4904-993f-ba7ceab2c9bb" testListId="8c84fa94-04c1-424b-9868-57a2d4851a1d" />
    <TestEntry testId="809fef68-0f89-b5ec-ce66-567426deffa3" executionId="179544ec-2e9e-4506-ae41-ea533bec3733" testListId="8c84fa94-04c1-424b-9868-57a2d4851a1d" />
    <TestEntry testId="02402f8f-407a-5052-76c8-07bc04a06985" executionId="9edabfea-e249-4385-ac76-974143e10d5f" testListId="8c84fa94-04c1-424b-9868-57a2d4851a1d" />
    <TestEntry testId="90e58c95-5807-4e8b-9a0e-caeb8d6577e6" executionId="58c79422-3e63-47d3-b0f6-eb94a91f9165" testListId="8c84fa94-04c1-424b-9868-57a2d4851a1d" />
    <TestEntry testId="77ae9885-d939-07f3-4737-4d501c168d78" executionId="5427b730-c0d7-46db-b502-e7f260beb52e" testListId="8c84fa94-04c1-424b-9868-57a2d4851a1d" />
    <TestEntry testId="07a29928-31e3-f4c4-a0f4-9517c3442af3" executionId="05f7d11c-71d3-4394-845a-13b0413bea2d" testListId="8c84fa94-04c1-424b-9868-57a2d4851a1d" />
    <TestEntry testId="847e94c4-b424-4bfe-e9ad-02296c7edfd8" executionId="75477ac1-b83c-45e6-a14c-c04e1a49de2a" testListId="8c84fa94-04c1-424b-9868-57a2d4851a1d" />
    <TestEntry testId="425ada93-fba9-5704-7c3d-8f5ee8c0a602" executionId="ec665922-c453-4bfb-89fe-393658a02b37" testListId="8c84fa94-04c1-424b-9868-57a2d4851a1d" />
    <TestEntry testId="0a5c8f17-cc39-bd0f-ae91-afafe10f483e" executionId="201cc228-595d-4e2a-a754-00db39a5f3f2" testListId="8c84fa94-04c1-424b-9868-57a2d4851a1d" />
    <TestEntry testId="68df0a86-ebb9-f3f3-a26b-441248b91ac5" executionId="104772f3-e07a-48f3-827f-2c7c7635eb39" testListId="8c84fa94-04c1-424b-9868-57a2d4851a1d" />
    <TestEntry testId="faf4cf25-2701-6155-e661-a3bae324698c" executionId="b8a02077-fb6a-4be9-8e66-97a5106e0c37" testListId="8c84fa94-04c1-424b-9868-57a2d4851a1d" />
    <TestEntry testId="22748aea-1630-9cec-2d30-b92cb13391fa" executionId="a60370b6-6fa8-4107-8a9f-af946d85efa5" testListId="8c84fa94-04c1-424b-9868-57a2d4851a1d" />
    <TestEntry testId="c8ad84b9-bae9-4ace-df12-c2fb2107b216" executionId="0932a3f7-177f-4a65-8ea0-3e160d5266df" testListId="8c84fa94-04c1-424b-9868-57a2d4851a1d" />
    <TestEntry testId="06cf21b7-9120-87a1-838e-5d3e1724eb0c" executionId="90d16a4c-97ad-40eb-9102-c17fe5cf6bde" testListId="8c84fa94-04c1-424b-9868-57a2d4851a1d" />
    <TestEntry testId="6412a875-6248-284b-8f2a-664783cf8710" executionId="8551f60f-fd6e-4afd-b4a3-a77ef4d57583" testListId="8c84fa94-04c1-424b-9868-57a2d4851a1d" />
    <TestEntry testId="a88f4c3c-849f-828a-be59-20b995d5b4b5" executionId="5e83598d-6684-4276-b67e-b74bffcb5861" testListId="8c84fa94-04c1-424b-9868-57a2d4851a1d" />
    <TestEntry testId="7b3586a1-dbff-62bc-c8f7-3f92b1cd482a" executionId="834cd870-e0d8-49d7-9974-3d71ce97100c" testListId="8c84fa94-04c1-424b-9868-57a2d4851a1d" />
    <TestEntry testId="ce72d5c3-ea1b-856c-5d44-86b6a88c40e7" executionId="03f18786-bfe1-4c12-861f-4bfbb5cd2787" testListId="8c84fa94-04c1-424b-9868-57a2d4851a1d" />
    <TestEntry testId="1d27b281-c15c-05e6-bd7d-22334067a073" executionId="1d48ba56-d3e4-4399-8081-919c20c18354" testListId="8c84fa94-04c1-424b-9868-57a2d4851a1d" />
    <TestEntry testId="b51acbf3-3d2b-98a8-c064-708fc868b14a" executionId="6f808e1b-b106-4daa-8513-3bf61035da29" testListId="8c84fa94-04c1-424b-9868-57a2d4851a1d" />
    <TestEntry testId="e8c0291f-40ee-661f-320a-91a493351ced" executionId="57798b97-c8e3-4c3f-992f-fadda1b528f2" testListId="8c84fa94-04c1-424b-9868-57a2d4851a1d" />
    <TestEntry testId="f3743dbe-92bf-70a2-9a46-86114249372a" executionId="32de0045-1625-4110-8776-510fb13cb615" testListId="8c84fa94-04c1-424b-9868-57a2d4851a1d" />
    <TestEntry testId="a1d75d42-92f8-4863-78fb-59f915506d5d" executionId="c4742c87-dc53-48e5-9f85-f7153e3a1c61" testListId="8c84fa94-04c1-424b-9868-57a2d4851a1d" />
    <TestEntry testId="7272060d-95e6-75be-d376-b33be5f52554" executionId="968fc5b0-24d9-4d6d-bd3a-7f1e827db045" testListId="8c84fa94-04c1-424b-9868-57a2d4851a1d" />
    <TestEntry testId="ce4f33e4-d835-d76b-5790-ab3251ee32a0" executionId="bcadc866-ec95-46d0-bcab-b67c76c4acd4" testListId="8c84fa94-04c1-424b-9868-57a2d4851a1d" />
    <TestEntry testId="dbfc8983-c090-75e3-226e-42386988b7b3" executionId="e9d0c5d6-0af9-4d68-a1c1-db3bf8d6c550" testListId="8c84fa94-04c1-424b-9868-57a2d4851a1d" />
    <TestEntry testId="f63e609f-f500-e362-b3fa-e6cc7381df65" executionId="1f5f0a08-60c0-4bab-8fc2-145180021ec6" testListId="8c84fa94-04c1-424b-9868-57a2d4851a1d" />
    <TestEntry testId="447ddd2b-ed53-40ff-d943-c530a835bc76" executionId="213a7f94-d23c-4425-bfb4-4538a8f6108e" testListId="8c84fa94-04c1-424b-9868-57a2d4851a1d" />
    <TestEntry testId="3b4083ae-c45b-f7de-9d3b-1ad61c0e8165" executionId="1fd9aaf1-4721-46b4-a7b7-1698a221310a" testListId="8c84fa94-04c1-424b-9868-57a2d4851a1d" />
    <TestEntry testId="7a052098-26bf-dfc3-0f72-3499ec413561" executionId="bf18e8f9-4643-43df-8dd9-4b6193992fcc" testListId="8c84fa94-04c1-424b-9868-57a2d4851a1d" />
    <TestEntry testId="fcc61dbf-5ca6-52ed-0e89-e9d4d5323c7e" executionId="eaf6ca0c-3501-4530-8f81-64fb435f2f57" testListId="8c84fa94-04c1-424b-9868-57a2d4851a1d" />
    <TestEntry testId="59c12813-14f7-d106-e095-9eb7aca0dd14" executionId="3bcaafdf-adb7-461e-8c63-5623e8170b03" testListId="8c84fa94-04c1-424b-9868-57a2d4851a1d" />
    <TestEntry testId="37ac4ceb-5deb-d241-fb44-5ecd611b6835" executionId="245f5f92-0f93-470a-8035-492b9db5d8e0" testListId="8c84fa94-04c1-424b-9868-57a2d4851a1d" />
    <TestEntry testId="0fedbd4c-36d1-cbf7-d736-f493f886e8b4" executionId="9098e2ae-f6a3-4e77-a24d-082ad951a7f1" testListId="8c84fa94-04c1-424b-9868-57a2d4851a1d" />
    <TestEntry testId="9c577290-27c9-bb46-69fa-9de7dca68a84" executionId="f3b3f347-ebee-48e0-8624-c9f0f94328c4" testListId="8c84fa94-04c1-424b-9868-57a2d4851a1d" />
    <TestEntry testId="94b1928f-41b1-3799-965c-51518a6f6309" executionId="7210d157-d711-4f86-9997-864b33107db6" testListId="8c84fa94-04c1-424b-9868-57a2d4851a1d" />
    <TestEntry testId="f33fa01b-27fc-5e83-9689-b130edcdc38f" executionId="383e7234-226c-4346-927f-e875198e712b" testListId="8c84fa94-04c1-424b-9868-57a2d4851a1d" />
    <TestEntry testId="a6cc7742-6748-2954-fa2e-2e9ade4f1497" executionId="20596541-3d90-4579-9503-48ca47a82eed" testListId="8c84fa94-04c1-424b-9868-57a2d4851a1d" />
    <TestEntry testId="57d95e17-5382-a705-02cc-af1c834ff8bb" executionId="f605766a-de2e-4787-b0de-9064a81934b5" testListId="8c84fa94-04c1-424b-9868-57a2d4851a1d" />
    <TestEntry testId="9e0c0ef3-ca6e-cef4-29ed-5b65b7e09c4b" executionId="09b6b3f0-a37f-4fe9-a0f6-0378df1689df" testListId="8c84fa94-04c1-424b-9868-57a2d4851a1d" />
    <TestEntry testId="14895534-12fe-b47f-2e33-5ade001c0397" executionId="a64d0724-f0a1-4269-8df7-1ebd09351623" testListId="8c84fa94-04c1-424b-9868-57a2d4851a1d" />
    <TestEntry testId="4811a29b-a231-8ebc-7f73-c742efa72909" executionId="023ca174-0540-4dbc-a299-8a9650d3f0fa" testListId="8c84fa94-04c1-424b-9868-57a2d4851a1d" />
    <TestEntry testId="04a67995-84c6-47db-c517-c24e0164b5fa" executionId="5e82ca2c-89fc-4186-a66b-91718e35244a" testListId="8c84fa94-04c1-424b-9868-57a2d4851a1d" />
    <TestEntry testId="b743c374-8ab5-d1d5-fc02-9617f7bba48e" executionId="7668b7cd-d168-458d-86fb-00cd91c36734" testListId="8c84fa94-04c1-424b-9868-57a2d4851a1d" />
    <TestEntry testId="8a534f8f-43d0-a0fe-a640-60773b535fa9" executionId="327167b2-03ad-461f-b0b4-aefa903364bb" testListId="8c84fa94-04c1-424b-9868-57a2d4851a1d" />
    <TestEntry testId="074083ea-9540-6569-9676-a1de1095f9a5" executionId="488956ec-3d9b-46d9-9f62-3cb6b85fb6f6" testListId="8c84fa94-04c1-424b-9868-57a2d4851a1d" />
    <TestEntry testId="2759b583-a4b9-f141-8490-03c6481bcd42" executionId="7e128e66-5a7e-497d-9131-74c5991c9c4d" testListId="8c84fa94-04c1-424b-9868-57a2d4851a1d" />
    <TestEntry testId="49ca3e64-4e3c-32e9-51bb-7a425d4affb3" executionId="21e5deb9-c8fc-4b96-b98c-14037bc39563" testListId="8c84fa94-04c1-424b-9868-57a2d4851a1d" />
    <TestEntry testId="146d5b71-b771-86ef-b424-292fcc27ff95" executionId="6928fce6-043d-46fc-963c-53427cef7d42" testListId="8c84fa94-04c1-424b-9868-57a2d4851a1d" />
    <TestEntry testId="295fae88-3e58-86fa-d7bf-25ac61a31f56" executionId="177d367e-1008-40dc-8bc5-0a1de0b903a7" testListId="8c84fa94-04c1-424b-9868-57a2d4851a1d" />
    <TestEntry testId="c9bdc8cc-0752-0906-4cd9-88de24404c61" executionId="7a6bf8e4-8464-40fd-8aef-5d9ddb893fe1" testListId="8c84fa94-04c1-424b-9868-57a2d4851a1d" />
    <TestEntry testId="3197713a-2937-202f-77f0-48c058ca0b8e" executionId="34ea38b5-1b9d-4f20-9690-611e5419cc07" testListId="8c84fa94-04c1-424b-9868-57a2d4851a1d" />
    <TestEntry testId="364f3e01-2f0c-5ac4-e72c-71517ed95d34" executionId="3a01990c-6abe-410c-9242-f837f4c0a8cc" testListId="8c84fa94-04c1-424b-9868-57a2d4851a1d" />
    <TestEntry testId="076b72af-6161-18eb-432d-ae74d72a3da2" executionId="698509fe-e027-4745-bc40-dad526a6dc7c" testListId="8c84fa94-04c1-424b-9868-57a2d4851a1d" />
    <TestEntry testId="fae12b63-d4a9-1235-a8dc-eb49cd0330ca" executionId="40b73efd-4057-41d7-b772-02d9e3d4db64" testListId="8c84fa94-04c1-424b-9868-57a2d4851a1d" />
    <TestEntry testId="d2a0d59c-9a76-19d9-16f2-0a6c3118d8f4" executionId="e850f963-1203-4237-9fdd-feea442f1f18" testListId="8c84fa94-04c1-424b-9868-57a2d4851a1d" />
    <TestEntry testId="a4823077-de63-4939-a611-e713a0b409ba" executionId="faa0779b-42ea-4cf1-a6c4-80b220189d22" testListId="8c84fa94-04c1-424b-9868-57a2d4851a1d" />
    <TestEntry testId="efe2a406-7a7b-5030-ad1d-8ac20ec1bf8e" executionId="3fd31991-a274-43c5-938e-a42d37bab4c6" testListId="8c84fa94-04c1-424b-9868-57a2d4851a1d" />
    <TestEntry testId="96fbfd11-e209-3377-22e4-23ea64b854c5" executionId="04ae866c-aed5-4226-b023-201bff604c28" testListId="8c84fa94-04c1-424b-9868-57a2d4851a1d" />
    <TestEntry testId="838bc955-40e4-c2ae-ee47-8138e132dce3" executionId="1bade942-b956-41b0-9297-77347850bb3c" testListId="8c84fa94-04c1-424b-9868-57a2d4851a1d" />
    <TestEntry testId="1cf96374-2717-6bda-ba30-11c901627eed" executionId="7017714f-8fc5-40ec-8cbc-5c5477a14896" testListId="8c84fa94-04c1-424b-9868-57a2d4851a1d" />
    <TestEntry testId="a240d79d-e338-7eaa-78f2-42e903995b82" executionId="6ca9d1eb-715a-45e3-bb94-a760c1c459a4" testListId="8c84fa94-04c1-424b-9868-57a2d4851a1d" />
    <TestEntry testId="442b600d-3ace-6b7a-cf66-23edbad635a7" executionId="afe451ce-0530-4576-909a-f478110eda01" testListId="8c84fa94-04c1-424b-9868-57a2d4851a1d" />
    <TestEntry testId="71275b68-cc5b-b8aa-a847-465bc22e406b" executionId="3bb6591a-eb00-4984-8491-2d155c371057" testListId="8c84fa94-04c1-424b-9868-57a2d4851a1d" />
    <TestEntry testId="0356732e-c2b0-1ee0-30da-8fbc052f2691" executionId="8ff18a1d-c3c5-47dc-9623-a1e81e67cfd0" testListId="8c84fa94-04c1-424b-9868-57a2d4851a1d" />
    <TestEntry testId="48c5cd4f-d20c-6c11-3850-40a2188bd749" executionId="b7f875a3-25c7-4fe1-b6c6-9004f4188642" testListId="8c84fa94-04c1-424b-9868-57a2d4851a1d" />
    <TestEntry testId="aa74eeba-435b-7254-89e0-bea14fd3a772" executionId="efb4d03b-f8ed-40f4-91eb-a2a4ff76d6b9" testListId="8c84fa94-04c1-424b-9868-57a2d4851a1d" />
    <TestEntry testId="d4598fc6-c8c0-3263-98a4-a27735b84113" executionId="d8b86743-a9fa-4ba7-8afa-f30d21ebd8b3" testListId="8c84fa94-04c1-424b-9868-57a2d4851a1d" />
    <TestEntry testId="c77d3936-cfc2-07db-2ae9-a8ae0278be99" executionId="a58f9762-7ad2-4619-981e-96998cc3732b" testListId="8c84fa94-04c1-424b-9868-57a2d4851a1d" />
    <TestEntry testId="33a0a261-8c7f-0fd4-eee9-6797ae0ea573" executionId="0bc1d9a8-76e0-4d58-8f97-72008059884f" testListId="8c84fa94-04c1-424b-9868-57a2d4851a1d" />
    <TestEntry testId="b605dcea-1403-53a4-73fa-1746a51d4fb6" executionId="7e496432-65b9-43d8-ab7e-819646923d2c" testListId="8c84fa94-04c1-424b-9868-57a2d4851a1d" />
    <TestEntry testId="d645d8cb-1d74-268f-6b44-4c526d545961" executionId="9ccba90e-30e1-4648-81da-10ea687bcf5a" testListId="8c84fa94-04c1-424b-9868-57a2d4851a1d" />
    <TestEntry testId="67779cb3-1308-52f9-07c1-0eae1e69a17b" executionId="25ef2173-aa1c-49aa-94f1-ed506f9eeee8" testListId="8c84fa94-04c1-424b-9868-57a2d4851a1d" />
    <TestEntry testId="010d7ce9-f232-9d42-67a1-c00015ca4d3f" executionId="1e4ac16f-cda0-443b-88ed-33d9ccc74f64" testListId="8c84fa94-04c1-424b-9868-57a2d4851a1d" />
    <TestEntry testId="1210faab-d3df-fae0-098d-1fefa51938a2" executionId="344acccb-0d7f-4681-afc2-26469bd53e8a" testListId="8c84fa94-04c1-424b-9868-57a2d4851a1d" />
    <TestEntry testId="95fe991e-a4b3-b2c5-59fd-c97fa3183154" executionId="1a56d51d-bec3-48a6-88d8-873a37dc3fe6" testListId="8c84fa94-04c1-424b-9868-57a2d4851a1d" />
    <TestEntry testId="2d1892cf-5271-7a98-f255-32e0ae1957b4" executionId="afe0f3d2-7014-4762-8a10-1d1a4c976bae" testListId="8c84fa94-04c1-424b-9868-57a2d4851a1d" />
    <TestEntry testId="d07146d5-c603-92f2-b07f-a58454e6cb7a" executionId="aa51f6e1-0bd0-4bd1-96b3-7d084967c11a" testListId="8c84fa94-04c1-424b-9868-57a2d4851a1d" />
    <TestEntry testId="247c9861-3838-77f2-daec-dd0850f89a55" executionId="91118157-ee04-49f9-a3f4-cfa359da4f25" testListId="8c84fa94-04c1-424b-9868-57a2d4851a1d" />
    <TestEntry testId="5f7f248e-006c-509f-3607-d9418de223dc" executionId="db6a1a2e-3779-4be6-aba9-e36770f356d1" testListId="8c84fa94-04c1-424b-9868-57a2d4851a1d" />
    <TestEntry testId="d89d0571-6e51-5cca-d9ce-c50c7864a0c4" executionId="7730b042-1636-4cfc-a1a3-22bfe9187dba" testListId="8c84fa94-04c1-424b-9868-57a2d4851a1d" />
    <TestEntry testId="6020af25-7bcf-a7ba-8cf3-c72c566492e7" executionId="d6e7671a-967c-4794-bb9f-ee173b9a8ed2" testListId="8c84fa94-04c1-424b-9868-57a2d4851a1d" />
    <TestEntry testId="f369a0e5-198e-9098-5d88-1c90083727cc" executionId="108ddfb5-3ea3-4ec1-b4f7-4d4b0e67e6cd" testListId="8c84fa94-04c1-424b-9868-57a2d4851a1d" />
    <TestEntry testId="eaee08d2-ad9d-f1f0-9f8e-c533f655a0d2" executionId="bbead2a1-3591-4653-9fc2-fc46b241ce5a" testListId="8c84fa94-04c1-424b-9868-57a2d4851a1d" />
    <TestEntry testId="df73f7f2-0c1f-2e4c-0f74-c2245fb82aaa" executionId="ace0416d-659a-48be-bada-a85c7190a2de" testListId="8c84fa94-04c1-424b-9868-57a2d4851a1d" />
    <TestEntry testId="077ca32a-a107-b12e-bf1d-b4e115dc27f2" executionId="2fa5b752-7b50-49d5-a5de-69566396d4e8" testListId="8c84fa94-04c1-424b-9868-57a2d4851a1d" />
    <TestEntry testId="a69f5ae8-460b-0bd2-d2d8-f2a7f8dcee7f" executionId="cc35fdf6-3610-4884-b917-db9ff180c22e" testListId="8c84fa94-04c1-424b-9868-57a2d4851a1d" />
    <TestEntry testId="b14033e0-132e-f7ce-9b6b-eb9740d01518" executionId="7a6ded5f-53b8-4737-a129-752dc162fdbf" testListId="8c84fa94-04c1-424b-9868-57a2d4851a1d" />
    <TestEntry testId="1c903c96-1013-a8c5-5d79-270ab5a71162" executionId="ddd8228f-c357-48ae-9cb5-42c61ded1d3c" testListId="8c84fa94-04c1-424b-9868-57a2d4851a1d" />
    <TestEntry testId="475a8b75-5f17-0fd1-7e8c-478a0e63eb51" executionId="6c72eefb-0af3-452c-9e35-735da729a25b" testListId="8c84fa94-04c1-424b-9868-57a2d4851a1d" />
    <TestEntry testId="59e0ee26-fd45-51e7-75d1-26c274052fbb" executionId="5b042c2e-46ce-4fac-be54-aec5e06f9186" testListId="8c84fa94-04c1-424b-9868-57a2d4851a1d" />
    <TestEntry testId="e69b834d-2eda-6f0f-6e67-551b08866fe5" executionId="08d6f42e-c3e1-4566-85c1-85dbb9f35c00" testListId="8c84fa94-04c1-424b-9868-57a2d4851a1d" />
    <TestEntry testId="df0aea91-079c-8b19-5819-fbbf08514b45" executionId="d5548a50-cc4f-4a2b-a3e3-4a49899285d6" testListId="8c84fa94-04c1-424b-9868-57a2d4851a1d" />
    <TestEntry testId="9412dd27-a19d-7592-0b74-02a6a060846c" executionId="01395a70-e94b-4473-a4e9-22e9e73d56fc" testListId="8c84fa94-04c1-424b-9868-57a2d4851a1d" />
    <TestEntry testId="57c87973-dd99-b731-29b7-241681a53fee" executionId="f8e9112e-6a00-43c1-87a9-8526624102e5" testListId="8c84fa94-04c1-424b-9868-57a2d4851a1d" />
    <TestEntry testId="a62b7dfb-7316-57f4-6c38-ac15a21d59e0" executionId="d8f6772c-90ae-4485-a364-6ab0b175e7b0" testListId="8c84fa94-04c1-424b-9868-57a2d4851a1d" />
    <TestEntry testId="ff4408b9-928a-9571-3850-8c3b6cdae833" executionId="07015904-1abc-4420-a1b7-14ab1755f390" testListId="8c84fa94-04c1-424b-9868-57a2d4851a1d" />
    <TestEntry testId="2ae6dd19-7f1f-41bb-4b72-fe864e64042c" executionId="c45e66fb-b927-413b-9666-7520d62fd084" testListId="8c84fa94-04c1-424b-9868-57a2d4851a1d" />
    <TestEntry testId="4e3d63db-63ca-aa61-ebf1-e7f4d287b04a" executionId="a65799c4-869f-405e-be62-65e6a5d568b8" testListId="8c84fa94-04c1-424b-9868-57a2d4851a1d" />
    <TestEntry testId="b4ded759-7afb-b24d-3dec-dd53ad1acd87" executionId="f403f374-6b32-455d-b6ca-6815c4634708" testListId="8c84fa94-04c1-424b-9868-57a2d4851a1d" />
    <TestEntry testId="0395a2ad-91e5-9e61-ba83-6ea6ce72fa7f" executionId="ff4e5ad2-7cef-4d73-9a30-4aa7f4f66aeb" testListId="8c84fa94-04c1-424b-9868-57a2d4851a1d" />
    <TestEntry testId="8dbcce86-3a60-0e7d-c78c-198ee6d28c0d" executionId="65c54f8d-070f-4bd9-95f2-27538f74cf31" testListId="8c84fa94-04c1-424b-9868-57a2d4851a1d" />
    <TestEntry testId="14d02bfd-d250-7da8-d84e-be5f6ac3511e" executionId="ff7c330e-0f2b-4a84-aee7-3f53c8710bfb" testListId="8c84fa94-04c1-424b-9868-57a2d4851a1d" />
    <TestEntry testId="a3fca923-5077-7a2f-afa3-43b6a3bf5413" executionId="7e0cd52a-d3ae-41b9-9bb5-f040606bdecf" testListId="8c84fa94-04c1-424b-9868-57a2d4851a1d" />
    <TestEntry testId="24aa3abf-8231-37fe-3bdf-de80e9134dd3" executionId="14705913-a623-4a53-9398-618a86987006" testListId="8c84fa94-04c1-424b-9868-57a2d4851a1d" />
    <TestEntry testId="bf13e625-b6c7-9098-54ce-79322e7313d9" executionId="0e640b50-c78f-4a0a-bf6a-de9f7f676e1f" testListId="8c84fa94-04c1-424b-9868-57a2d4851a1d" />
    <TestEntry testId="9ebf1f9e-c7bf-cff8-5228-22a72b8c02df" executionId="088770fb-4cb9-4909-baa8-1c1a66e11415" testListId="8c84fa94-04c1-424b-9868-57a2d4851a1d" />
    <TestEntry testId="dedf4f16-de86-5eb5-a3c1-67cb8eae86f6" executionId="b0896bd6-58c2-4afb-aae7-607d2953a42d" testListId="8c84fa94-04c1-424b-9868-57a2d4851a1d" />
    <TestEntry testId="7f1aae47-238e-a00b-2559-8be62273fa06" executionId="d60ebc69-6ae6-48f2-95ac-2ace0af9554d" testListId="8c84fa94-04c1-424b-9868-57a2d4851a1d" />
    <TestEntry testId="9314998a-25ed-b804-d387-03f85834eb0f" executionId="99d73980-51ee-43e1-b510-53550ed31fb9" testListId="8c84fa94-04c1-424b-9868-57a2d4851a1d" />
    <TestEntry testId="55a540f4-3e7d-65b6-759a-4027dea6ba23" executionId="2aff5f63-fb3e-4206-90db-7a1ca7427a3e" testListId="8c84fa94-04c1-424b-9868-57a2d4851a1d" />
    <TestEntry testId="a8e629d7-3d5a-36ae-c24f-b4637c4284ab" executionId="b13e3d39-a929-437a-8257-f19374b1c525" testListId="8c84fa94-04c1-424b-9868-57a2d4851a1d" />
    <TestEntry testId="e0f42f13-3a77-7ea4-30a2-ac1262afbbe4" executionId="2e6c3aad-d845-40c9-aff7-970e643e062b" testListId="8c84fa94-04c1-424b-9868-57a2d4851a1d" />
  </TestEntries>
  <TestLists>
    <TestList name="Results Not in a List" id="8c84fa94-04c1-424b-9868-57a2d4851a1d" />
    <TestList name="All Loaded Results" id="19431567-8539-422a-85d7-44ee4e166bda" />
  </TestLists>
  <ResultSummary outcome="Completed">
    <Counters total="385" executed="385" passed="385" failed="0" error="0" timeout="0" aborted="0" inconclusive="0" passedButRunAborted="0" notRunnable="0" notExecuted="0" disconnected="0" warning="0" completed="0" inProgress="0" pending="0" />
    <Output>
      <StdOut />
    </Output>
  </ResultSummary>
</TestRun>